Using pre-set license

 COMMAND LINE ARGUMENTS:
/Applications/Unity/Hub/Editor/2020.3.7f1/Unity.app/Contents/MacOS/Unity
-adb2
-batchMode
-noUpm
-name
AssetImportWorker0
-projectPath
/Users/leo/Documents/Epitech/Stomper3D
-logFile
Logs/AssetImportWorker0.log
-srvPort
49534
Successfully changed project path to: /Users/leo/Documents/Epitech/Stomper3D
/Users/leo/Documents/Epitech/Stomper3D
Using Asset Import Pipeline V2.
Refreshing native plugins compatible for Editor in 63.64 ms, found 1 plugins.
Preloading 0 native plugins for Editor in 0.00 ms.
Initialize engine version: 2020.3.7f1 (dd97f2c94397)
[Subsystems] Discovering subsystems at path /Applications/Unity/Hub/Editor/2020.3.7f1/Unity.app/Contents/Resources/UnitySubsystems
[Subsystems] Discovering subsystems at path /Users/leo/Documents/Epitech/Stomper3D/Assets
GfxDevice: creating device client; threaded=0
2021-12-09 11:39:31.825 Unity[57284:2149919] Color LCD preferred device: Intel(R) UHD Graphics 630 (low power)
2021-12-09 11:39:31.825 Unity[57284:2149919] Metal devices available: 2
2021-12-09 11:39:31.825 Unity[57284:2149919] 0: AMD Radeon Pro 5300M (high power)
2021-12-09 11:39:31.825 Unity[57284:2149919] 1: Intel(R) UHD Graphics 630 (low power)
2021-12-09 11:39:31.825 Unity[57284:2149919] Using device AMD Radeon Pro 5300M (high power)
Initializing Metal device caps: AMD Radeon Pro 5300M
Initialize mono
Mono path[0] = '/Applications/Unity/Hub/Editor/2020.3.7f1/Unity.app/Contents/Managed'
Mono path[1] = '/Applications/Unity/Hub/Editor/2020.3.7f1/Unity.app/Contents/MonoBleedingEdge/lib/mono/unityjit'
Mono config path = '/Applications/Unity/Hub/Editor/2020.3.7f1/Unity.app/Contents/MonoBleedingEdge/etc'
Using monoOptions --debugger-agent=transport=dt_socket,embedding=1,server=y,suspend=n,address=127.0.0.1:56284
Begin MonoManager ReloadAssembly
Registering precompiled unity dll's ...
Register platform support module: /Applications/Unity/Hub/Editor/2020.3.7f1/Unity.app/Contents/PlaybackEngines/MacStandaloneSupport/UnityEditor.OSXStandalone.Extensions.dll
Registered in 0.002965 seconds.
Native extension for OSXStandalone target not found
Refreshing native plugins compatible for Editor in 25.55 ms, found 1 plugins.
Preloading 0 native plugins for Editor in 0.00 ms.
Mono: successfully reloaded assembly
- Completed reload, in  2.627 seconds
Platform modules already initialized, skipping
Registering precompiled user dll's ...
Registered in 0.014290 seconds.
Begin MonoManager ReloadAssembly
Native extension for OSXStandalone target not found
Refreshing native plugins compatible for Editor in 0.68 ms, found 1 plugins.
Preloading 0 native plugins for Editor in 0.00 ms.
Mono: successfully reloaded assembly
- Completed reload, in  1.061 seconds
Platform modules already initialized, skipping
========================================================================
Worker process is ready to serve import requests
Launching external process: /Applications/Unity/Hub/Editor/2020.3.7f1/Unity.app/Contents/Tools/UnityShaderCompiler
Launched and connected shader compiler UnityShaderCompiler after 0.01 seconds
Refreshing native plugins compatible for Editor in 0.63 ms, found 1 plugins.
Preloading 0 native plugins for Editor in 0.00 ms.
Unloading 1395 Unused Serialized files (Serialized files now loaded: 0)
System memory in use before: 160.2 MB.
System memory in use after: 160.2 MB.

Unloading 144 unused Assets to reduce memory usage. Loaded Objects now: 1753.
Total: 2.219454 ms (FindLiveObjects: 0.244434 ms CreateObjectMapping: 0.086762 ms MarkObjects: 1.764064 ms  DeleteObjects: 0.122397 ms)

========================================================================
Received Import Request.
  path: Assets/Resources/DOTweenSettings.asset
  artifactKey: Guid(7f88602742ef14253a43aab401b22e0d) Importer(815301076,1909f56bfc062723c751e8b465ee728b)
Start importing Assets/Resources/DOTweenSettings.asset using Guid(7f88602742ef14253a43aab401b22e0d) Importer(815301076,1909f56bfc062723c751e8b465ee728b)  -> (artifact id: '71218bcd87f04b7cfa75812a86b05d2c') in 1.071249 seconds
  Import took 1.074049 seconds .

========================================================================
Received Import Request.
  Time since last request: 0.000214 seconds.
  path: Assets/Resources/YCConfigData.asset
  artifactKey: Guid(add736653c293a8408529fb81bb0bd7c) Importer(815301076,1909f56bfc062723c751e8b465ee728b)
Start importing Assets/Resources/YCConfigData.asset using Guid(add736653c293a8408529fb81bb0bd7c) Importer(815301076,1909f56bfc062723c751e8b465ee728b)  -> (artifact id: '67234d527f326910b5de44207b5c6fb5') in 0.005857 seconds
  Import took 0.007876 seconds .

========================================================================
Received Import Request.
  Time since last request: 0.000218 seconds.
  path: Assets/Editor/BuildPostProcessor.cs
  artifactKey: Guid(ebeefe713f9124897baf3451a11b0b28) Importer(815301076,1909f56bfc062723c751e8b465ee728b)
Start importing Assets/Editor/BuildPostProcessor.cs using Guid(ebeefe713f9124897baf3451a11b0b28) Importer(815301076,1909f56bfc062723c751e8b465ee728b)  -> (artifact id: 'cabfa3338b4e8f23d0b8aad757e359ee') in 0.390811 seconds
  Import took 0.392751 seconds .

========================================================================
Received Import Request.
  Time since last request: 0.000205 seconds.
  path: Assets/Editor/GameUtilsProcessor.cs
  artifactKey: Guid(2f4f679e3a157714bbc8e565ed91ff44) Importer(815301076,1909f56bfc062723c751e8b465ee728b)
Start importing Assets/Editor/GameUtilsProcessor.cs using Guid(2f4f679e3a157714bbc8e565ed91ff44) Importer(815301076,1909f56bfc062723c751e8b465ee728b)  -> (artifact id: '84e913eb685445d1d89d7e8e8655d8fe') in 0.001625 seconds
  Import took 0.003215 seconds .

========================================================================
Received Import Request.
  Time since last request: 4.716725 seconds.
  path: Assets/Resources/BillingMode.json
  artifactKey: Guid(1aca9f4008b97b7418562f0fb1999ffd) Importer(815301076,1909f56bfc062723c751e8b465ee728b)
Start importing Assets/Resources/BillingMode.json using Guid(1aca9f4008b97b7418562f0fb1999ffd) Importer(815301076,1909f56bfc062723c751e8b465ee728b)  -> (artifact id: '9b56ddc5de9540880f71ec667183cc17') in 1.398803 seconds
  Import took 1.401090 seconds .

========================================================================
Received Prepare
Registering precompiled user dll's ...
Registered in 0.009743 seconds.
Begin MonoManager ReloadAssembly
Native extension for OSXStandalone target not found
Refreshing native plugins compatible for Editor in 0.67 ms, found 1 plugins.
Preloading 0 native plugins for Editor in 0.00 ms.
Mono: successfully reloaded assembly
- Completed reload, in  0.981 seconds
Platform modules already initialized, skipping
Refreshing native plugins compatible for Editor in 0.66 ms, found 1 plugins.
Preloading 0 native plugins for Editor in 0.00 ms.
Unloading 1387 Unused Serialized files (Serialized files now loaded: 0)
System memory in use before: 173.4 MB.
System memory in use after: 173.5 MB.

Unloading 255 unused Assets to reduce memory usage. Loaded Objects now: 1757.
Total: 2.201979 ms (FindLiveObjects: 0.244117 ms CreateObjectMapping: 0.099029 ms MarkObjects: 1.715717 ms  DeleteObjects: 0.141593 ms)

========================================================================
Received Prepare
Registering precompiled user dll's ...
Registered in 0.005767 seconds.
Begin MonoManager ReloadAssembly
Native extension for OSXStandalone target not found
Refreshing native plugins compatible for Editor in 0.67 ms, found 1 plugins.
Preloading 0 native plugins for Editor in 0.00 ms.
Mono: successfully reloaded assembly
- Completed reload, in  0.990 seconds
Platform modules already initialized, skipping
Refreshing native plugins compatible for Editor in 0.63 ms, found 1 plugins.
Preloading 0 native plugins for Editor in 0.00 ms.
Unloading 1388 Unused Serialized files (Serialized files now loaded: 0)
System memory in use before: 173.7 MB.
System memory in use after: 173.8 MB.

Unloading 255 unused Assets to reduce memory usage. Loaded Objects now: 1760.
Total: 1.980596 ms (FindLiveObjects: 0.200379 ms CreateObjectMapping: 0.081846 ms MarkObjects: 1.580361 ms  DeleteObjects: 0.116272 ms)

========================================================================
Received Prepare
Registering precompiled user dll's ...
Registered in 0.009977 seconds.
Begin MonoManager ReloadAssembly
Native extension for OSXStandalone target not found
Refreshing native plugins compatible for Editor in 0.66 ms, found 1 plugins.
Preloading 0 native plugins for Editor in 0.00 ms.
Mono: successfully reloaded assembly
- Completed reload, in  1.057 seconds
Platform modules already initialized, skipping
Refreshing native plugins compatible for Editor in 0.77 ms, found 1 plugins.
Preloading 0 native plugins for Editor in 0.00 ms.
Unloading 1388 Unused Serialized files (Serialized files now loaded: 0)
System memory in use before: 174.0 MB.
System memory in use after: 174.1 MB.

Unloading 255 unused Assets to reduce memory usage. Loaded Objects now: 1762.
Total: 1.792650 ms (FindLiveObjects: 0.155075 ms CreateObjectMapping: 0.050558 ms MarkObjects: 1.481027 ms  DeleteObjects: 0.104868 ms)

========================================================================
Received Prepare
Registering precompiled user dll's ...
Registered in 0.006651 seconds.
Begin MonoManager ReloadAssembly
Native extension for OSXStandalone target not found
Refreshing native plugins compatible for Editor in 0.67 ms, found 1 plugins.
Preloading 0 native plugins for Editor in 0.00 ms.
Mono: successfully reloaded assembly
- Completed reload, in  1.017 seconds
Platform modules already initialized, skipping
Refreshing native plugins compatible for Editor in 0.73 ms, found 1 plugins.
Preloading 0 native plugins for Editor in 0.00 ms.
Unloading 1388 Unused Serialized files (Serialized files now loaded: 0)
System memory in use before: 174.3 MB.
System memory in use after: 174.4 MB.

Unloading 255 unused Assets to reduce memory usage. Loaded Objects now: 1764.
Total: 1.943373 ms (FindLiveObjects: 0.177013 ms CreateObjectMapping: 0.058281 ms MarkObjects: 1.568552 ms  DeleteObjects: 0.137859 ms)

========================================================================
Received Prepare
Registering precompiled user dll's ...
Registered in 0.009108 seconds.
Begin MonoManager ReloadAssembly
Native extension for OSXStandalone target not found
Refreshing native plugins compatible for Editor in 0.66 ms, found 1 plugins.
Preloading 0 native plugins for Editor in 0.00 ms.
Mono: successfully reloaded assembly
- Completed reload, in  1.017 seconds
Platform modules already initialized, skipping
Refreshing native plugins compatible for Editor in 0.71 ms, found 1 plugins.
Preloading 0 native plugins for Editor in 0.00 ms.
Unloading 1389 Unused Serialized files (Serialized files now loaded: 0)
System memory in use before: 174.6 MB.
System memory in use after: 174.7 MB.

Unloading 255 unused Assets to reduce memory usage. Loaded Objects now: 1767.
Total: 1.695475 ms (FindLiveObjects: 0.151826 ms CreateObjectMapping: 0.043821 ms MarkObjects: 1.394126 ms  DeleteObjects: 0.103629 ms)

========================================================================
Received Import Request.
  Time since last request: 116.773624 seconds.
  path: Assets/Scene
  artifactKey: Guid(8a7e4fb77f83f474ebfdc4520c63b9a2) Importer(815301076,1909f56bfc062723c751e8b465ee728b)
Start importing Assets/Scene using Guid(8a7e4fb77f83f474ebfdc4520c63b9a2) Importer(815301076,1909f56bfc062723c751e8b465ee728b)  -> (artifact id: '9e0d3b75c679debfcb1b0b835c33f930') in 0.004539 seconds
  Import took 0.006974 seconds .

========================================================================
Received Import Request.
  Time since last request: 9.838261 seconds.
  path: Assets/Scenes
  artifactKey: Guid(8a7e4fb77f83f474ebfdc4520c63b9a2) Importer(815301076,1909f56bfc062723c751e8b465ee728b)
Start importing Assets/Scenes using Guid(8a7e4fb77f83f474ebfdc4520c63b9a2) Importer(815301076,1909f56bfc062723c751e8b465ee728b)  -> (artifact id: 'ac534f9e0d12479e48c580f5001a9141') in 0.001101 seconds
  Import took 0.003640 seconds .

========================================================================
Received Import Request.
  Time since last request: 1.419701 seconds.
  path: Assets/Src/icon.png
  artifactKey: Guid(db1dda2f0a2890843ac94d1211b822d9) Importer(815301076,1909f56bfc062723c751e8b465ee728b)
Start importing Assets/Src/icon.png using Guid(db1dda2f0a2890843ac94d1211b822d9) Importer(815301076,1909f56bfc062723c751e8b465ee728b)  -> (artifact id: '10d612d660e65d7821264b4780d4e313') in 0.810394 seconds
  Import took 0.812655 seconds .

========================================================================
Received Import Request.
  Time since last request: 0.000207 seconds.
  path: Assets/Src/logo.png
  artifactKey: Guid(d60647828951cc0458ee0025627950df) Importer(815301076,1909f56bfc062723c751e8b465ee728b)
Start importing Assets/Src/logo.png using Guid(d60647828951cc0458ee0025627950df) Importer(815301076,1909f56bfc062723c751e8b465ee728b)  -> (artifact id: 'fc80ce0a856332c344572d8bb33a0ce4') in 0.023830 seconds
  Import took 0.026093 seconds .

========================================================================
Received Import Request.
  Time since last request: 3.685100 seconds.
  path: Assets/Src/Scenes/Game.unity
  artifactKey: Guid(6e6ab8768bb3cbc4bae3de00574d9f15) Importer(815301076,1909f56bfc062723c751e8b465ee728b)
Start importing Assets/Src/Scenes/Game.unity using Guid(6e6ab8768bb3cbc4bae3de00574d9f15) Importer(815301076,1909f56bfc062723c751e8b465ee728b)  -> (artifact id: '54edbfdb2801b75cd04f47a49fc721f5') in 0.001875 seconds
  Import took 0.004162 seconds .

========================================================================
Received Prepare
Registering precompiled user dll's ...
Registered in 0.006806 seconds.
Begin MonoManager ReloadAssembly
Native extension for OSXStandalone target not found
Refreshing native plugins compatible for Editor in 0.68 ms, found 1 plugins.
Preloading 0 native plugins for Editor in 0.00 ms.
Mono: successfully reloaded assembly
- Completed reload, in  0.995 seconds
Platform modules already initialized, skipping
Refreshing native plugins compatible for Editor in 0.65 ms, found 1 plugins.
Preloading 0 native plugins for Editor in 0.00 ms.
Unloading 1402 Unused Serialized files (Serialized files now loaded: 0)
System memory in use before: 184.6 MB.
System memory in use after: 184.1 MB.

Unloading 268 unused Assets to reduce memory usage. Loaded Objects now: 1777.
Total: 2.614451 ms (FindLiveObjects: 0.264666 ms CreateObjectMapping: 0.095799 ms MarkObjects: 1.741216 ms  DeleteObjects: 0.511090 ms)

========================================================================
Received Import Request.
  Time since last request: 33.299159 seconds.
  path: Assets/Scenes/Game.unity
  artifactKey: Guid(c3be7d17c74c44ca8bee71dd99b9e4a5) Importer(815301076,1909f56bfc062723c751e8b465ee728b)
Start importing Assets/Scenes/Game.unity using Guid(c3be7d17c74c44ca8bee71dd99b9e4a5) Importer(815301076,1909f56bfc062723c751e8b465ee728b)  -> (artifact id: '47257d1d13037a98509ac0c31005d58b') in 0.013529 seconds
  Import took 0.016048 seconds .

========================================================================
Received Import Request.
  Time since last request: 0.001047 seconds.
  path: Assets/Scenes/Game.unity
  artifactKey: Guid(c3be7d17c74c44ca8bee71dd99b9e4a5) Importer(815301076,1909f56bfc062723c751e8b465ee728b)
Start importing Assets/Scenes/Game.unity using Guid(c3be7d17c74c44ca8bee71dd99b9e4a5) Importer(815301076,1909f56bfc062723c751e8b465ee728b)  -> (artifact id: '47257d1d13037a98509ac0c31005d58b') in 0.001380 seconds
  Import took 0.003567 seconds .

========================================================================
Received Import Request.
  Time since last request: 0.770129 seconds.
  path: Assets/Scenes/Game 1.unity
  artifactKey: Guid(7e93445a3b20c4a7da8630e92b376490) Importer(815301076,1909f56bfc062723c751e8b465ee728b)
Start importing Assets/Scenes/Game 1.unity using Guid(7e93445a3b20c4a7da8630e92b376490) Importer(815301076,1909f56bfc062723c751e8b465ee728b)  -> (artifact id: 'd5fb3beb90a63b538029f5bb8daf498e') in 0.001908 seconds
  Import took 0.004472 seconds .

========================================================================
Received Import Request.
  Time since last request: 2.892658 seconds.
  path: Assets/Scenes/Menu.unity
  artifactKey: Guid(7e93445a3b20c4a7da8630e92b376490) Importer(815301076,1909f56bfc062723c751e8b465ee728b)
Start importing Assets/Scenes/Menu.unity using Guid(7e93445a3b20c4a7da8630e92b376490) Importer(815301076,1909f56bfc062723c751e8b465ee728b)  -> (artifact id: '000b50aee3c74f178b06d9ec2564f44e') in 0.001257 seconds
  Import took 0.003257 seconds .

========================================================================
Received Import Request.
  Time since last request: 13.117574 seconds.
  path: Assets/Plugins/Demigiant/DOTweenPro Examples/Examples Assets/dotweenpro_logo.png
  artifactKey: Guid(44a054df1702e39458b7072b08d0f212) Importer(815301076,1909f56bfc062723c751e8b465ee728b)
Start importing Assets/Plugins/Demigiant/DOTweenPro Examples/Examples Assets/dotweenpro_logo.png using Guid(44a054df1702e39458b7072b08d0f212) Importer(815301076,1909f56bfc062723c751e8b465ee728b)  -> (artifact id: 'b83eabb6b7036273f7bf94ac51e87ace') in 0.055975 seconds
  Import took 0.058293 seconds .

========================================================================
Received Import Request.
  Time since last request: 7.831210 seconds.
  path: Assets/BOXOPHOBIC/Skybox Cubemap Extended/Demo
  artifactKey: Guid(de9e928d9c90c1d43a73ded89b05d1cd) Importer(815301076,1909f56bfc062723c751e8b465ee728b)
Start importing Assets/BOXOPHOBIC/Skybox Cubemap Extended/Demo using Guid(de9e928d9c90c1d43a73ded89b05d1cd) Importer(815301076,1909f56bfc062723c751e8b465ee728b)  -> (artifact id: '7e61cb0d23206741f80bba27d0a9fcdb') in 0.001086 seconds
  Import took 0.003264 seconds .

========================================================================
Received Import Request.
  Time since last request: 2.580465 seconds.
  path: Assets/BOXOPHOBIC/Skybox Cubemap Extended/Demo/Demo Blend.unity
  artifactKey: Guid(a66e5f1bb7e0e90469c3bcd8ae5c4b2d) Importer(815301076,1909f56bfc062723c751e8b465ee728b)
Start importing Assets/BOXOPHOBIC/Skybox Cubemap Extended/Demo/Demo Blend.unity using Guid(a66e5f1bb7e0e90469c3bcd8ae5c4b2d) Importer(815301076,1909f56bfc062723c751e8b465ee728b)  -> (artifact id: 'c10bf5905f0f0c16d2b6cf0cdcc5e1ba') in 0.001745 seconds
  Import took 0.004457 seconds .

========================================================================
Received Import Request.
  Time since last request: 1.959409 seconds.
  path: Assets/BOXOPHOBIC/Skybox Cubemap Extended/Demo/Demo Day.unity
  artifactKey: Guid(67adac43bcf286444be612074ab04f75) Importer(815301076,1909f56bfc062723c751e8b465ee728b)
Start importing Assets/BOXOPHOBIC/Skybox Cubemap Extended/Demo/Demo Day.unity using Guid(67adac43bcf286444be612074ab04f75) Importer(815301076,1909f56bfc062723c751e8b465ee728b)  -> (artifact id: 'aa17a9e0c4761c10025587c0c234bd3e') in 0.001583 seconds
  Import took 0.004511 seconds .

========================================================================
Received Import Request.
  Time since last request: 0.769127 seconds.
  path: Assets/BOXOPHOBIC/Skybox Cubemap Extended/Demo/Demo Night.unity
  artifactKey: Guid(a5df9867bdacd604dbe1d73079151448) Importer(815301076,1909f56bfc062723c751e8b465ee728b)
Start importing Assets/BOXOPHOBIC/Skybox Cubemap Extended/Demo/Demo Night.unity using Guid(a5df9867bdacd604dbe1d73079151448) Importer(815301076,1909f56bfc062723c751e8b465ee728b)  -> (artifact id: 'a869645b401213a838eb351d2c260530') in 0.004219 seconds
  Import took 0.009824 seconds .

========================================================================
Received Import Request.
  Time since last request: 9.202629 seconds.
  path: Assets/Fingers/Prefab/FingersDPadPrefab.prefab
  artifactKey: Guid(7ec6166ed643b1b4cad357e72dd36d75) Importer(815301076,1909f56bfc062723c751e8b465ee728b)
Start importing Assets/Fingers/Prefab/FingersDPadPrefab.prefab using Guid(7ec6166ed643b1b4cad357e72dd36d75) Importer(815301076,1909f56bfc062723c751e8b465ee728b)  -> (artifact id: 'e784f037f5662bca59e91dcee0a3ee31') in 0.112627 seconds
  Import took 0.114936 seconds .

========================================================================
Received Import Request.
  Time since last request: 0.000217 seconds.
  path: Assets/Fingers/Prefab/FingersFirstPersonPlayer.prefab
  artifactKey: Guid(e4435ae3ce6e07a46a52116e9d3ee2e0) Importer(815301076,1909f56bfc062723c751e8b465ee728b)
Start importing Assets/Fingers/Prefab/FingersFirstPersonPlayer.prefab using Guid(e4435ae3ce6e07a46a52116e9d3ee2e0) Importer(815301076,1909f56bfc062723c751e8b465ee728b)  -> (artifact id: 'e616454a0dce6aa26dbd7c51daf7182f') in 0.352937 seconds
  Import took 0.355044 seconds .

========================================================================
Received Import Request.
  Time since last request: 0.000178 seconds.
  path: Assets/Fingers/Prefab/FingersJoystickPrefab.prefab
  artifactKey: Guid(621e3826a3af91d469707cf580fc75bb) Importer(815301076,1909f56bfc062723c751e8b465ee728b)
Start importing Assets/Fingers/Prefab/FingersJoystickPrefab.prefab using Guid(621e3826a3af91d469707cf580fc75bb) Importer(815301076,1909f56bfc062723c751e8b465ee728b)  -> (artifact id: '1e3153e07d5255b54b4ec9296e6692fd') in 0.010234 seconds
  Import took 0.012126 seconds .

========================================================================
Received Import Request.
  Time since last request: 0.000190 seconds.
  path: Assets/Fingers/Prefab/FingersThirdPersonPlayer.prefab
  artifactKey: Guid(26fd3352e5c6d1843a9fbceba1ed3dcb) Importer(815301076,1909f56bfc062723c751e8b465ee728b)
Start importing Assets/Fingers/Prefab/FingersThirdPersonPlayer.prefab using Guid(26fd3352e5c6d1843a9fbceba1ed3dcb) Importer(815301076,1909f56bfc062723c751e8b465ee728b)  -> (artifact id: '7e536c9f627e726b8c29a9a611445ee9') in 0.016561 seconds
  Import took 0.018613 seconds .

========================================================================
Received Import Request.
  Time since last request: 21.304386 seconds.
  path: Assets/GameUtils/YCManager.prefab
  artifactKey: Guid(9da7e32cba82a114eaaf5de519c83e81) Importer(815301076,1909f56bfc062723c751e8b465ee728b)
Start importing Assets/GameUtils/YCManager.prefab using Guid(9da7e32cba82a114eaaf5de519c83e81) Importer(815301076,1909f56bfc062723c751e8b465ee728b)  -> (artifact id: '40294bc6dccebb4b605301fb7c44c838') in 0.043475 seconds
  Import took 0.046320 seconds .

========================================================================
Received Import Request.
  Time since last request: 2.767849 seconds.
  path: Assets/GameUtils/Fonts/Nunito-ExtraBold.ttf
  artifactKey: Guid(4bfa5704d2d904247baa728659387e7e) Importer(815301076,1909f56bfc062723c751e8b465ee728b)
Start importing Assets/GameUtils/Fonts/Nunito-ExtraBold.ttf using Guid(4bfa5704d2d904247baa728659387e7e) Importer(815301076,1909f56bfc062723c751e8b465ee728b)  -> (artifact id: '029ef953ba14ab5c8970a5fc2c930bd2') in 1.943076 seconds
  Import took 1.945379 seconds .

========================================================================
Received Import Request.
  Time since last request: 0.000217 seconds.
  path: Assets/GameUtils/Prefabs/Ads.prefab
  artifactKey: Guid(0600987958b76454cb5cb6cca7901bf3) Importer(815301076,1909f56bfc062723c751e8b465ee728b)
Start importing Assets/GameUtils/Prefabs/Ads.prefab using Guid(0600987958b76454cb5cb6cca7901bf3) Importer(815301076,1909f56bfc062723c751e8b465ee728b)  -> (artifact id: '1382e6f94e6e959462adb67a36d9c9fe') in 0.009080 seconds
  Import took 0.011357 seconds .

========================================================================
Received Import Request.
  Time since last request: 2.295054 seconds.
  path: Assets/GameUtils/Sprites/b-remove-ads.png
  artifactKey: Guid(80f6519cc0e0f4a1ea54810b6bfbf977) Importer(815301076,1909f56bfc062723c751e8b465ee728b)
Start importing Assets/GameUtils/Sprites/b-remove-ads.png using Guid(80f6519cc0e0f4a1ea54810b6bfbf977) Importer(815301076,1909f56bfc062723c751e8b465ee728b)  -> (artifact id: 'c1e88cc141bb960556a1385a33dc5f92') in 0.012267 seconds
  Import took 0.014632 seconds .

========================================================================
Received Import Request.
  Time since last request: 0.000233 seconds.
  path: Assets/GameUtils/Sprites/background.png
  artifactKey: Guid(6124ed5f9d91bac40a4f78c17b4fed38) Importer(815301076,1909f56bfc062723c751e8b465ee728b)
Start importing Assets/GameUtils/Sprites/background.png using Guid(6124ed5f9d91bac40a4f78c17b4fed38) Importer(815301076,1909f56bfc062723c751e8b465ee728b)  -> (artifact id: '7b9caa68466929e7e04265946c7d18e7') in 0.010821 seconds
  Import took 0.012924 seconds .

========================================================================
Received Import Request.
  Time since last request: 0.000213 seconds.
  path: Assets/GameUtils/Sprites/YCIcon.png
  artifactKey: Guid(33e0e99dafb9d4f728787c7259cdf5e7) Importer(815301076,1909f56bfc062723c751e8b465ee728b)
Start importing Assets/GameUtils/Sprites/YCIcon.png using Guid(33e0e99dafb9d4f728787c7259cdf5e7) Importer(815301076,1909f56bfc062723c751e8b465ee728b)  -> (artifact id: '29341af277578359c6a5c33f65f4b6b0') in 0.019894 seconds
  Import took 0.022051 seconds .

========================================================================
Received Import Request.
  Time since last request: 0.000220 seconds.
  path: Assets/GameUtils/Sprites/loading.png
  artifactKey: Guid(16140de0bbd8f48b2ace0d0de5e0b553) Importer(815301076,1909f56bfc062723c751e8b465ee728b)
Start importing Assets/GameUtils/Sprites/loading.png using Guid(16140de0bbd8f48b2ace0d0de5e0b553) Importer(815301076,1909f56bfc062723c751e8b465ee728b)  -> (artifact id: '9329cf23977cba9cfee6d8662aa24df7') in 0.015341 seconds
  Import took 0.018199 seconds .

========================================================================
Received Import Request.
  Time since last request: 5.738487 seconds.
  path: Assets/Joystick Pack/Sprites/Handles/Handle_Plain.png
  artifactKey: Guid(010a6e5305fa7004f89c5d317b7b47d4) Importer(815301076,1909f56bfc062723c751e8b465ee728b)
Start importing Assets/Joystick Pack/Sprites/Handles/Handle_Plain.png using Guid(010a6e5305fa7004f89c5d317b7b47d4) Importer(815301076,1909f56bfc062723c751e8b465ee728b)  -> (artifact id: '2d29e76193755a5e3258b72e1c63c718') in 0.012551 seconds
  Import took 0.015039 seconds .

========================================================================
Received Import Request.
  Time since last request: 0.000211 seconds.
  path: Assets/Joystick Pack/Sprites/Handles/Handle_Plain_Arrows.png
  artifactKey: Guid(f353d42d1db27ff42b78b28efd86b316) Importer(815301076,1909f56bfc062723c751e8b465ee728b)
Start importing Assets/Joystick Pack/Sprites/Handles/Handle_Plain_Arrows.png using Guid(f353d42d1db27ff42b78b28efd86b316) Importer(815301076,1909f56bfc062723c751e8b465ee728b)  -> (artifact id: '5d8108795d54cf7d6ce4703103c19c93') in 0.011148 seconds
  Import took 0.013251 seconds .

========================================================================
Received Import Request.
  Time since last request: 14.419719 seconds.
  path: Assets/MaxSdk/Prefabs/BannerBottom.prefab
  artifactKey: Guid(54c062c0526b148efa2ea2e9489b3aa0) Importer(815301076,1909f56bfc062723c751e8b465ee728b)
Start importing Assets/MaxSdk/Prefabs/BannerBottom.prefab using Guid(54c062c0526b148efa2ea2e9489b3aa0) Importer(815301076,1909f56bfc062723c751e8b465ee728b)  -> (artifact id: '034fba5b033a0eaa77218237ac242b4a') in 0.003552 seconds
  Import took 0.005800 seconds .

========================================================================
Received Import Request.
  Time since last request: 0.000216 seconds.
  path: Assets/MaxSdk/Prefabs/BannerTop.prefab
  artifactKey: Guid(6521750c87fd14f709d09a1e38ffde47) Importer(815301076,1909f56bfc062723c751e8b465ee728b)
Start importing Assets/MaxSdk/Prefabs/BannerTop.prefab using Guid(6521750c87fd14f709d09a1e38ffde47) Importer(815301076,1909f56bfc062723c751e8b465ee728b)  -> (artifact id: 'eed6f845d1c494243eeb8764a0f61adc') in 0.003051 seconds
  Import took 0.004821 seconds .

========================================================================
Received Import Request.
  Time since last request: 0.000155 seconds.
  path: Assets/MaxSdk/Prefabs/Interstitial.prefab
  artifactKey: Guid(3fc0c2627ce8a4490b8e319326f8a535) Importer(815301076,1909f56bfc062723c751e8b465ee728b)
Start importing Assets/MaxSdk/Prefabs/Interstitial.prefab using Guid(3fc0c2627ce8a4490b8e319326f8a535) Importer(815301076,1909f56bfc062723c751e8b465ee728b)  -> (artifact id: '0d64403552fafe9e9413c7ac9a39dc65') in 0.004029 seconds
  Import took 0.006175 seconds .

========================================================================
Received Import Request.
  Time since last request: 0.000216 seconds.
  path: Assets/MaxSdk/Prefabs/Rewarded.prefab
  artifactKey: Guid(a28c1544d6f094d5eafc8da2343c9119) Importer(815301076,1909f56bfc062723c751e8b465ee728b)
Start importing Assets/MaxSdk/Prefabs/Rewarded.prefab using Guid(a28c1544d6f094d5eafc8da2343c9119) Importer(815301076,1909f56bfc062723c751e8b465ee728b)  -> (artifact id: 'fe4e9732de6d28860af57e381a7ad950') in 0.003291 seconds
  Import took 0.005191 seconds .

========================================================================
Received Import Request.
  Time since last request: 0.146444 seconds.
  path: Assets/MaxSdk/Resources/AppLovinSettings.asset
  artifactKey: Guid(d1a2ffe4232a2414184cfe6d4da80737) Importer(815301076,1909f56bfc062723c751e8b465ee728b)
Start importing Assets/MaxSdk/Resources/AppLovinSettings.asset using Guid(d1a2ffe4232a2414184cfe6d4da80737) Importer(815301076,1909f56bfc062723c751e8b465ee728b)  -> (artifact id: '14dca10d65e02930388e1b1e730d3556') in 0.001939 seconds
  Import took 0.004210 seconds .

========================================================================
Received Import Request.
  Time since last request: 44.647034 seconds.
  path: Assets/Demigiant/DemiLib/Core/Editor/Imgs/blackSquare.png
  artifactKey: Guid(7ba4b2810f605d945af87e032ca2957b) Importer(815301076,1909f56bfc062723c751e8b465ee728b)
Start importing Assets/Demigiant/DemiLib/Core/Editor/Imgs/blackSquare.png using Guid(7ba4b2810f605d945af87e032ca2957b) Importer(815301076,1909f56bfc062723c751e8b465ee728b)  -> (artifact id: '3bd6ba413f800b4ab202ce0a0c886dd2') in 0.006028 seconds
  Import took 0.008225 seconds .

========================================================================
Received Import Request.
  Time since last request: 0.000174 seconds.
  path: Assets/Demigiant/DemiLib/Core/Editor/Imgs/ico_alignHC.png
  artifactKey: Guid(b9e0e5a8836018e4c810fbceba55a1b4) Importer(815301076,1909f56bfc062723c751e8b465ee728b)
Start importing Assets/Demigiant/DemiLib/Core/Editor/Imgs/ico_alignHC.png using Guid(b9e0e5a8836018e4c810fbceba55a1b4) Importer(815301076,1909f56bfc062723c751e8b465ee728b)  -> (artifact id: '5ebdb4ff7ca490e5ca51ddbf4bc267b9') in 0.005610 seconds
  Import took 0.007770 seconds .

========================================================================
Received Import Request.
  Time since last request: 0.000229 seconds.
  path: Assets/Demigiant/DemiLib/Core/Editor/Imgs/ico_alignCR.png
  artifactKey: Guid(6f504a3fa8848264bb4fb9bb7d582dd5) Importer(815301076,1909f56bfc062723c751e8b465ee728b)
Start importing Assets/Demigiant/DemiLib/Core/Editor/Imgs/ico_alignCR.png using Guid(6f504a3fa8848264bb4fb9bb7d582dd5) Importer(815301076,1909f56bfc062723c751e8b465ee728b)  -> (artifact id: 'e796c67735c15d123da43c58e8d1017c') in 0.017278 seconds
  Import took 0.019716 seconds .

========================================================================
Received Import Request.
  Time since last request: 0.000235 seconds.
  path: Assets/Demigiant/DemiLib/Core/Editor/Imgs/blackSquareAlpha80.png
  artifactKey: Guid(595b166389c8db546a199430284ebc9b) Importer(815301076,1909f56bfc062723c751e8b465ee728b)
Start importing Assets/Demigiant/DemiLib/Core/Editor/Imgs/blackSquareAlpha80.png using Guid(595b166389c8db546a199430284ebc9b) Importer(815301076,1909f56bfc062723c751e8b465ee728b)  -> (artifact id: 'de1be527a7df9a92b6fc86891db5d44c') in 0.006082 seconds
  Import took 0.008410 seconds .

========================================================================
Received Import Request.
  Time since last request: 0.000215 seconds.
  path: Assets/Demigiant/DemiLib/Core/Editor/Imgs/greenSquare.png
  artifactKey: Guid(789ef07ba2573f6448fa8b5dc5224c44) Importer(815301076,1909f56bfc062723c751e8b465ee728b)
Start importing Assets/Demigiant/DemiLib/Core/Editor/Imgs/greenSquare.png using Guid(789ef07ba2573f6448fa8b5dc5224c44) Importer(815301076,1909f56bfc062723c751e8b465ee728b)  -> (artifact id: 'c5d288508fff79038c4c0b55ac076de3') in 0.006672 seconds
  Import took 0.009028 seconds .

========================================================================
Received Import Request.
  Time since last request: 0.000187 seconds.
  path: Assets/Demigiant/DemiLib/Core/Editor/Imgs/squareBorderCurved_darkBordersAlpha.png
  artifactKey: Guid(f536c51d3da3f2e4ca93ac8773ec2ad8) Importer(815301076,1909f56bfc062723c751e8b465ee728b)
Start importing Assets/Demigiant/DemiLib/Core/Editor/Imgs/squareBorderCurved_darkBordersAlpha.png using Guid(f536c51d3da3f2e4ca93ac8773ec2ad8) Importer(815301076,1909f56bfc062723c751e8b465ee728b)  -> (artifact id: '6c2c5c6df773ef0b5bddb8c74d1d1878') in 0.006251 seconds
  Import took 0.008800 seconds .

========================================================================
Received Import Request.
  Time since last request: 0.000189 seconds.
  path: Assets/Demigiant/DemiLib/Core/Editor/Imgs/ico_play.png
  artifactKey: Guid(2a563a43c33f0f3428d02b3a43886fc2) Importer(815301076,1909f56bfc062723c751e8b465ee728b)
Start importing Assets/Demigiant/DemiLib/Core/Editor/Imgs/ico_play.png using Guid(2a563a43c33f0f3428d02b3a43886fc2) Importer(815301076,1909f56bfc062723c751e8b465ee728b)  -> (artifact id: '631beaff219b8d99f8605806fe53d296') in 0.005156 seconds
  Import took 0.007469 seconds .

========================================================================
Received Import Request.
  Time since last request: 0.000199 seconds.
  path: Assets/Demigiant/DemiLib/Core/Editor/Imgs/ico_distributeHAlignT.png
  artifactKey: Guid(1ccb12a4b0bf8f447b2cc114851732f5) Importer(815301076,1909f56bfc062723c751e8b465ee728b)
Start importing Assets/Demigiant/DemiLib/Core/Editor/Imgs/ico_distributeHAlignT.png using Guid(1ccb12a4b0bf8f447b2cc114851732f5) Importer(815301076,1909f56bfc062723c751e8b465ee728b)  -> (artifact id: 'd5ffcbe906dc3d6a66010757bca780af') in 0.005399 seconds
  Import took 0.007742 seconds .

========================================================================
Received Import Request.
  Time since last request: 0.000246 seconds.
  path: Assets/Demigiant/DemiLib/Core/Editor/Imgs/ico_foldout_open.png
  artifactKey: Guid(18a5a7cde794cc04b9b446f0feedb3a0) Importer(815301076,1909f56bfc062723c751e8b465ee728b)
Start importing Assets/Demigiant/DemiLib/Core/Editor/Imgs/ico_foldout_open.png using Guid(18a5a7cde794cc04b9b446f0feedb3a0) Importer(815301076,1909f56bfc062723c751e8b465ee728b)  -> (artifact id: 'f5aab83e124c133eb3f250c514a95819') in 0.005915 seconds
  Import took 0.008062 seconds .

========================================================================
Received Import Request.
  Time since last request: 0.000201 seconds.
  path: Assets/Demigiant/DemiLib/Core/Editor/Imgs/ico_star.png
  artifactKey: Guid(645aafe2260b2884a9df05b4bc01b1ec) Importer(815301076,1909f56bfc062723c751e8b465ee728b)
Start importing Assets/Demigiant/DemiLib/Core/Editor/Imgs/ico_star.png using Guid(645aafe2260b2884a9df05b4bc01b1ec) Importer(815301076,1909f56bfc062723c751e8b465ee728b)  -> (artifact id: '71b94816292c2d164f2ba36cad7b5c8c') in 0.004897 seconds
  Import took 0.006790 seconds .

========================================================================
Received Import Request.
  Time since last request: 0.000228 seconds.
  path: Assets/Demigiant/DemiLib/Core/Editor/Imgs/ico_nodeArrow.png
  artifactKey: Guid(4aa34055b1d36ef479af3d7b5701b28a) Importer(815301076,1909f56bfc062723c751e8b465ee728b)
Start importing Assets/Demigiant/DemiLib/Core/Editor/Imgs/ico_nodeArrow.png using Guid(4aa34055b1d36ef479af3d7b5701b28a) Importer(815301076,1909f56bfc062723c751e8b465ee728b)  -> (artifact id: 'ede682853a36e7ece3cec876b9a48c01') in 0.005213 seconds
  Import took 0.007504 seconds .

========================================================================
Received Import Request.
  Time since last request: 0.000262 seconds.
  path: Assets/Demigiant/DemiLib/Core/Editor/Imgs/ico_optionsDropdown.png
  artifactKey: Guid(62a48d93e78c63b4ea9b46537c7c0091) Importer(815301076,1909f56bfc062723c751e8b465ee728b)
Start importing Assets/Demigiant/DemiLib/Core/Editor/Imgs/ico_optionsDropdown.png using Guid(62a48d93e78c63b4ea9b46537c7c0091) Importer(815301076,1909f56bfc062723c751e8b465ee728b)  -> (artifact id: 'd7652b4d97472c416826ed20f7139b81') in 0.005573 seconds
  Import took 0.007989 seconds .

========================================================================
Received Import Request.
  Time since last request: 0.000178 seconds.
  path: Assets/Demigiant/DemiLib/Core/Editor/Imgs/ico_camera.png
  artifactKey: Guid(37639be6148186645bca3fce45d5aa22) Importer(815301076,1909f56bfc062723c751e8b465ee728b)
Start importing Assets/Demigiant/DemiLib/Core/Editor/Imgs/ico_camera.png using Guid(37639be6148186645bca3fce45d5aa22) Importer(815301076,1909f56bfc062723c751e8b465ee728b)  -> (artifact id: 'c86e5852e686e6d23c11fae5cbc7b574') in 0.005253 seconds
  Import took 0.007558 seconds .

========================================================================
Received Import Request.
  Time since last request: 0.000201 seconds.
  path: Assets/Demigiant/DemiLib/Core/Editor/Imgs/blackSquareAlpha50.png
  artifactKey: Guid(aa1d42dc6ff3e894da2208c6929d2165) Importer(815301076,1909f56bfc062723c751e8b465ee728b)
Start importing Assets/Demigiant/DemiLib/Core/Editor/Imgs/blackSquareAlpha50.png using Guid(aa1d42dc6ff3e894da2208c6929d2165) Importer(815301076,1909f56bfc062723c751e8b465ee728b)  -> (artifact id: '707c25850b7cd506bc380ac9b77c60bf') in 0.005939 seconds
  Import took 0.007991 seconds .

========================================================================
Received Import Request.
  Time since last request: 0.000201 seconds.
  path: Assets/Demigiant/DemiLib/Core/Editor/Imgs/ico_alignT.png
  artifactKey: Guid(b4785ec6d937dab4fa59da70b69afc9d) Importer(815301076,1909f56bfc062723c751e8b465ee728b)
Start importing Assets/Demigiant/DemiLib/Core/Editor/Imgs/ico_alignT.png using Guid(b4785ec6d937dab4fa59da70b69afc9d) Importer(815301076,1909f56bfc062723c751e8b465ee728b)  -> (artifact id: '6c968fe66ede694ab1379d835192778d') in 0.005749 seconds
  Import took 0.007741 seconds .

========================================================================
Received Import Request.
  Time since last request: 0.000187 seconds.
  path: Assets/Demigiant/DemiLib/Core/Editor/Imgs/ico_alignVC.png
  artifactKey: Guid(d1d45eadab0e41c4a82cdffb6396b1d7) Importer(815301076,1909f56bfc062723c751e8b465ee728b)
Start importing Assets/Demigiant/DemiLib/Core/Editor/Imgs/ico_alignVC.png using Guid(d1d45eadab0e41c4a82cdffb6396b1d7) Importer(815301076,1909f56bfc062723c751e8b465ee728b)  -> (artifact id: '079e8cacb3aecdfc47894419c44d8648') in 0.004754 seconds
  Import took 0.006570 seconds .

========================================================================
Received Import Request.
  Time since last request: 0.000178 seconds.
  path: Assets/Demigiant/DemiLib/Core/Editor/Imgs/grid_dark.png
  artifactKey: Guid(d542f997a51000946873268e3546b6ba) Importer(815301076,1909f56bfc062723c751e8b465ee728b)
Start importing Assets/Demigiant/DemiLib/Core/Editor/Imgs/grid_dark.png using Guid(d542f997a51000946873268e3546b6ba) Importer(815301076,1909f56bfc062723c751e8b465ee728b)  -> (artifact id: '7e8877e253b66adf8ce8879ccd0cf5a0') in 0.005209 seconds
  Import took 0.007582 seconds .

========================================================================
Received Import Request.
  Time since last request: 0.000279 seconds.
  path: Assets/Demigiant/DemiLib/Core/Editor/Imgs/ico_delete.png
  artifactKey: Guid(6b1f9e1e1c2cf004b8e3bdd3033a8e75) Importer(815301076,1909f56bfc062723c751e8b465ee728b)
Start importing Assets/Demigiant/DemiLib/Core/Editor/Imgs/ico_delete.png using Guid(6b1f9e1e1c2cf004b8e3bdd3033a8e75) Importer(815301076,1909f56bfc062723c751e8b465ee728b)  -> (artifact id: '4f65f11da783dda869c5649dc48fac63') in 0.005041 seconds
  Import took 0.007461 seconds .

========================================================================
Received Import Request.
  Time since last request: 0.000209 seconds.
  path: Assets/Demigiant/DemiLib/Core/Editor/Imgs/ico_distributeVAlignL.png
  artifactKey: Guid(32eaa0efb2b38774ea9705b40fdcc00a) Importer(815301076,1909f56bfc062723c751e8b465ee728b)
Start importing Assets/Demigiant/DemiLib/Core/Editor/Imgs/ico_distributeVAlignL.png using Guid(32eaa0efb2b38774ea9705b40fdcc00a) Importer(815301076,1909f56bfc062723c751e8b465ee728b)  -> (artifact id: '17831c024c7a2b4bda22839ff8f64e14') in 0.004807 seconds
  Import took 0.007059 seconds .

========================================================================
Received Import Request.
  Time since last request: 0.000249 seconds.
  path: Assets/Demigiant/DemiLib/Core/Editor/Imgs/ico_ui_border.png
  artifactKey: Guid(c0c40ceac3c6df146a0fcd4e6b226540) Importer(815301076,1909f56bfc062723c751e8b465ee728b)
Start importing Assets/Demigiant/DemiLib/Core/Editor/Imgs/ico_ui_border.png using Guid(c0c40ceac3c6df146a0fcd4e6b226540) Importer(815301076,1909f56bfc062723c751e8b465ee728b)  -> (artifact id: 'd2ef78814483934e09642a6018d53c5e') in 0.006015 seconds
  Import took 0.008145 seconds .

========================================================================
Received Import Request.
  Time since last request: 0.000203 seconds.
  path: Assets/Demigiant/DemiLib/Core/Editor/Imgs/squareBorderCurved02_darkBorders.png
  artifactKey: Guid(e3ae01f12865ad54ba365963bda55759) Importer(815301076,1909f56bfc062723c751e8b465ee728b)
Start importing Assets/Demigiant/DemiLib/Core/Editor/Imgs/squareBorderCurved02_darkBorders.png using Guid(e3ae01f12865ad54ba365963bda55759) Importer(815301076,1909f56bfc062723c751e8b465ee728b)  -> (artifact id: 'ac1b5da2ed9347c81e58262b6e68648f') in 0.004823 seconds
  Import took 0.007077 seconds .

========================================================================
Received Import Request.
  Time since last request: 0.000238 seconds.
  path: Assets/Demigiant/DemiLib/Core/Editor/Imgs/ico_alignBC.png
  artifactKey: Guid(2cdc0bc527f7a434496c6be9236e636f) Importer(815301076,1909f56bfc062723c751e8b465ee728b)
Start importing Assets/Demigiant/DemiLib/Core/Editor/Imgs/ico_alignBC.png using Guid(2cdc0bc527f7a434496c6be9236e636f) Importer(815301076,1909f56bfc062723c751e8b465ee728b)  -> (artifact id: 'cc91003532e9abc4aa5759705d93bc34') in 0.005624 seconds
  Import took 0.007702 seconds .

========================================================================
Received Import Request.
  Time since last request: 0.000202 seconds.
  path: Assets/Demigiant/DemiLib/Core/Editor/Imgs/ico_cog_border.png
  artifactKey: Guid(6862027f2176eae40a3143c562466a1b) Importer(815301076,1909f56bfc062723c751e8b465ee728b)
Start importing Assets/Demigiant/DemiLib/Core/Editor/Imgs/ico_cog_border.png using Guid(6862027f2176eae40a3143c562466a1b) Importer(815301076,1909f56bfc062723c751e8b465ee728b)  -> (artifact id: 'b21c7e92cb37855dd675e34078a13d94') in 0.004384 seconds
  Import took 0.006219 seconds .

========================================================================
Received Import Request.
  Time since last request: 0.000211 seconds.
  path: Assets/Demigiant/DemiLib/Core/Editor/Imgs/ico_comment_border.png
  artifactKey: Guid(d98b8847646169c4fb5af28dd84c4179) Importer(815301076,1909f56bfc062723c751e8b465ee728b)
Start importing Assets/Demigiant/DemiLib/Core/Editor/Imgs/ico_comment_border.png using Guid(d98b8847646169c4fb5af28dd84c4179) Importer(815301076,1909f56bfc062723c751e8b465ee728b)  -> (artifact id: '8b10b53af4e9979537a10b32f895a18c') in 0.005317 seconds
  Import took 0.007630 seconds .

========================================================================
Received Import Request.
  Time since last request: 0.000280 seconds.
  path: Assets/Demigiant/DemiLib/Core/Editor/Imgs/ico_cog.png
  artifactKey: Guid(7c83a08052c9e2f49b47897a637994de) Importer(815301076,1909f56bfc062723c751e8b465ee728b)
Start importing Assets/Demigiant/DemiLib/Core/Editor/Imgs/ico_cog.png using Guid(7c83a08052c9e2f49b47897a637994de) Importer(815301076,1909f56bfc062723c751e8b465ee728b)  -> (artifact id: 'aeee88f620acccb993a66f814ee877d5') in 0.004766 seconds
  Import took 0.007126 seconds .

========================================================================
Received Import Request.
  Time since last request: 0.000184 seconds.
  path: Assets/Demigiant/DemiLib/Core/Editor/Imgs/ico_end.png
  artifactKey: Guid(a248c8288afb9184f953d9aa07a696b0) Importer(815301076,1909f56bfc062723c751e8b465ee728b)
Start importing Assets/Demigiant/DemiLib/Core/Editor/Imgs/ico_end.png using Guid(a248c8288afb9184f953d9aa07a696b0) Importer(815301076,1909f56bfc062723c751e8b465ee728b)  -> (artifact id: 'e6281c460d35294527a60104e990f172') in 0.005133 seconds
  Import took 0.007192 seconds .

========================================================================
Received Import Request.
  Time since last request: 0.000176 seconds.
  path: Assets/Demigiant/DemiLib/Core/Editor/Imgs/ico_heart_border.png
  artifactKey: Guid(669c487f3c9c5fe4abb6459f9c2628f0) Importer(815301076,1909f56bfc062723c751e8b465ee728b)
Start importing Assets/Demigiant/DemiLib/Core/Editor/Imgs/ico_heart_border.png using Guid(669c487f3c9c5fe4abb6459f9c2628f0) Importer(815301076,1909f56bfc062723c751e8b465ee728b)  -> (artifact id: '021aa1032a5b48ab7494ddbafc74bab9') in 0.004598 seconds
  Import took 0.006397 seconds .

========================================================================
Received Import Request.
  Time since last request: 0.000198 seconds.
  path: Assets/Demigiant/DemiLib/Core/Editor/Imgs/ico_alignCL.png
  artifactKey: Guid(2a8208d8e80f90944b8ff2978292b03b) Importer(815301076,1909f56bfc062723c751e8b465ee728b)
Start importing Assets/Demigiant/DemiLib/Core/Editor/Imgs/ico_alignCL.png using Guid(2a8208d8e80f90944b8ff2978292b03b) Importer(815301076,1909f56bfc062723c751e8b465ee728b)  -> (artifact id: '1575390fa9b28dd8e7196bbc22f989a6') in 0.006386 seconds
  Import took 0.008907 seconds .

========================================================================
Received Import Request.
  Time since last request: 0.000658 seconds.
  path: Assets/Demigiant/DemiLib/Core/Editor/Imgs/redSquare.png
  artifactKey: Guid(fbdd7ecf39c13bf48a5bd02a1159c90b) Importer(815301076,1909f56bfc062723c751e8b465ee728b)
Start importing Assets/Demigiant/DemiLib/Core/Editor/Imgs/redSquare.png using Guid(fbdd7ecf39c13bf48a5bd02a1159c90b) Importer(815301076,1909f56bfc062723c751e8b465ee728b)  -> (artifact id: '6b49194d2f4c654d64a90467f20ae448') in 0.018400 seconds
  Import took 0.022767 seconds .

========================================================================
Received Import Request.
  Time since last request: 0.000379 seconds.
  path: Assets/Demigiant/DemiLib/Core/Editor/Imgs/ico_alignR.png
  artifactKey: Guid(727ba41e4cc95fe4a98b07301e3ebfc8) Importer(815301076,1909f56bfc062723c751e8b465ee728b)
Start importing Assets/Demigiant/DemiLib/Core/Editor/Imgs/ico_alignR.png using Guid(727ba41e4cc95fe4a98b07301e3ebfc8) Importer(815301076,1909f56bfc062723c751e8b465ee728b)  -> (artifact id: '79f1a0daf938f4d1be81f99fe2e85d5a') in 0.012882 seconds
  Import took 0.017387 seconds .

========================================================================
Received Import Request.
  Time since last request: 0.000366 seconds.
  path: Assets/Demigiant/DemiLib/Core/Editor/Imgs/ico_star_border.png
  artifactKey: Guid(18f3a26aa87fccc4cb5e211d4c6de662) Importer(815301076,1909f56bfc062723c751e8b465ee728b)
Start importing Assets/Demigiant/DemiLib/Core/Editor/Imgs/ico_star_border.png using Guid(18f3a26aa87fccc4cb5e211d4c6de662) Importer(815301076,1909f56bfc062723c751e8b465ee728b)  -> (artifact id: '983741f2e0618c28ef67c2f0dd28cbef') in 0.009920 seconds
  Import took 0.012856 seconds .

========================================================================
Received Import Request.
  Time since last request: 0.000339 seconds.
  path: Assets/Demigiant/DemiLib/Core/Editor/Imgs/circle.png
  artifactKey: Guid(af28470bd0e2e9543a6dfa9a1a4b348d) Importer(815301076,1909f56bfc062723c751e8b465ee728b)
Start importing Assets/Demigiant/DemiLib/Core/Editor/Imgs/circle.png using Guid(af28470bd0e2e9543a6dfa9a1a4b348d) Importer(815301076,1909f56bfc062723c751e8b465ee728b)  -> (artifact id: 'c766723e5fd62e5973d78e70939b23d6') in 0.006919 seconds
  Import took 0.009939 seconds .

========================================================================
Received Import Request.
  Time since last request: 0.000331 seconds.
  path: Assets/Demigiant/DemiLib/Core/Editor/Imgs/blueSquare.png
  artifactKey: Guid(05cfe010378336646ad6c721f66543d1) Importer(815301076,1909f56bfc062723c751e8b465ee728b)
Start importing Assets/Demigiant/DemiLib/Core/Editor/Imgs/blueSquare.png using Guid(05cfe010378336646ad6c721f66543d1) Importer(815301076,1909f56bfc062723c751e8b465ee728b)  -> (artifact id: '7db51c8c4f90161c809ec6f33417c0a2') in 0.011852 seconds
  Import took 0.014463 seconds .

========================================================================
Received Import Request.
  Time since last request: 0.000242 seconds.
  path: Assets/Demigiant/DemiLib/Core/Editor/Imgs/ico_flipV.png
  artifactKey: Guid(c44ae4a96937e2c4b8be481648364682) Importer(815301076,1909f56bfc062723c751e8b465ee728b)
Start importing Assets/Demigiant/DemiLib/Core/Editor/Imgs/ico_flipV.png using Guid(c44ae4a96937e2c4b8be481648364682) Importer(815301076,1909f56bfc062723c751e8b465ee728b)  -> (artifact id: '32b1875e64c533a9fa3e3374e1271c7c') in 0.008157 seconds
  Import took 0.010612 seconds .

========================================================================
Received Import Request.
  Time since last request: 0.000314 seconds.
  path: Assets/Demigiant/DemiLib/Core/Editor/Imgs/ico_light_border.png
  artifactKey: Guid(252f207d01ecc87419cdba1d1c0ab1ea) Importer(815301076,1909f56bfc062723c751e8b465ee728b)
Start importing Assets/Demigiant/DemiLib/Core/Editor/Imgs/ico_light_border.png using Guid(252f207d01ecc87419cdba1d1c0ab1ea) Importer(815301076,1909f56bfc062723c751e8b465ee728b)  -> (artifact id: '2d3839f1a4e99e64fba1fdbc17b5b392') in 0.008029 seconds
  Import took 0.010442 seconds .

========================================================================
Received Import Request.
  Time since last request: 0.000188 seconds.
  path: Assets/Demigiant/DemiLib/Core/Editor/Imgs/blackSquareAlpha15.png
  artifactKey: Guid(53d696c01f6ca524383f11fcc34dd13c) Importer(815301076,1909f56bfc062723c751e8b465ee728b)
Start importing Assets/Demigiant/DemiLib/Core/Editor/Imgs/blackSquareAlpha15.png using Guid(53d696c01f6ca524383f11fcc34dd13c) Importer(815301076,1909f56bfc062723c751e8b465ee728b)  -> (artifact id: '9dc50594a32b61f44c34a171cb1cf357') in 0.004929 seconds
  Import took 0.006802 seconds .

========================================================================
Received Import Request.
  Time since last request: 0.000159 seconds.
  path: Assets/Demigiant/DemiLib/Core/Editor/Imgs/ico_alert.png
  artifactKey: Guid(39cacc93c6c183f44992bf2421362f78) Importer(815301076,1909f56bfc062723c751e8b465ee728b)
Start importing Assets/Demigiant/DemiLib/Core/Editor/Imgs/ico_alert.png using Guid(39cacc93c6c183f44992bf2421362f78) Importer(815301076,1909f56bfc062723c751e8b465ee728b)  -> (artifact id: '2e3f94c1e3464713464978cae4197694') in 0.005785 seconds
  Import took 0.007795 seconds .

========================================================================
Received Import Request.
  Time since last request: 0.000190 seconds.
  path: Assets/Demigiant/DemiLib/Core/Editor/Imgs/grid_bright.png
  artifactKey: Guid(93b1287b4a087f84c95c72f49ec94e83) Importer(815301076,1909f56bfc062723c751e8b465ee728b)
Start importing Assets/Demigiant/DemiLib/Core/Editor/Imgs/grid_bright.png using Guid(93b1287b4a087f84c95c72f49ec94e83) Importer(815301076,1909f56bfc062723c751e8b465ee728b)  -> (artifact id: 'c2469995a739c34b564be0999a9d8a1b') in 0.010404 seconds
  Import took 0.012506 seconds .

========================================================================
Received Import Request.
  Time since last request: 0.000586 seconds.
  path: Assets/Demigiant/DemiLib/Core/Editor/Imgs/ico_alignB.png
  artifactKey: Guid(8b6b31f71cd528243b053cfc488e73f5) Importer(815301076,1909f56bfc062723c751e8b465ee728b)
Start importing Assets/Demigiant/DemiLib/Core/Editor/Imgs/ico_alignB.png using Guid(8b6b31f71cd528243b053cfc488e73f5) Importer(815301076,1909f56bfc062723c751e8b465ee728b)  -> (artifact id: '27eb7cc1ee96de5fb1173e4d18e2c058') in 0.007518 seconds
  Import took 0.009973 seconds .

========================================================================
Received Import Request.
  Time since last request: 0.000288 seconds.
  path: Assets/Demigiant/DemiLib/Core/Editor/Imgs/ico_heart.png
  artifactKey: Guid(d173388c1d9c32a418b5b777dd89d71a) Importer(815301076,1909f56bfc062723c751e8b465ee728b)
Start importing Assets/Demigiant/DemiLib/Core/Editor/Imgs/ico_heart.png using Guid(d173388c1d9c32a418b5b777dd89d71a) Importer(815301076,1909f56bfc062723c751e8b465ee728b)  -> (artifact id: 'c1a970d4ec71804cd412bb6bf259de76') in 0.005920 seconds
  Import took 0.008202 seconds .

========================================================================
Received Import Request.
  Time since last request: 0.000189 seconds.
  path: Assets/Demigiant/DemiLib/Core/Editor/Imgs/orangeSquare.png
  artifactKey: Guid(3e730492361eb6e45be5c5fdafac23be) Importer(815301076,1909f56bfc062723c751e8b465ee728b)
Start importing Assets/Demigiant/DemiLib/Core/Editor/Imgs/orangeSquare.png using Guid(3e730492361eb6e45be5c5fdafac23be) Importer(815301076,1909f56bfc062723c751e8b465ee728b)  -> (artifact id: 'd596244dc0c1629ebcb9299a41eb13db') in 0.004934 seconds
  Import took 0.006899 seconds .

========================================================================
Received Import Request.
  Time since last request: 0.000170 seconds.
  path: Assets/Demigiant/DemiLib/Core/Editor/Imgs/ico_foldout_closed.png
  artifactKey: Guid(301c130dbb4bbba4e87072804939c861) Importer(815301076,1909f56bfc062723c751e8b465ee728b)
Start importing Assets/Demigiant/DemiLib/Core/Editor/Imgs/ico_foldout_closed.png using Guid(301c130dbb4bbba4e87072804939c861) Importer(815301076,1909f56bfc062723c751e8b465ee728b)  -> (artifact id: '6ac4cf9d5b176c01ecdf3048846b7f03') in 0.004877 seconds
  Import took 0.006786 seconds .

========================================================================
Received Import Request.
  Time since last request: 0.000270 seconds.
  path: Assets/Demigiant/DemiLib/Core/Editor/Imgs/ico_skull.png
  artifactKey: Guid(01976ad42d31f494e8040d3e32e283dc) Importer(815301076,1909f56bfc062723c751e8b465ee728b)
Start importing Assets/Demigiant/DemiLib/Core/Editor/Imgs/ico_skull.png using Guid(01976ad42d31f494e8040d3e32e283dc) Importer(815301076,1909f56bfc062723c751e8b465ee728b)  -> (artifact id: 'e56d02b85e729c6263d167f922c34ca6') in 0.008179 seconds
  Import took 0.010698 seconds .

========================================================================
Received Import Request.
  Time since last request: 0.000277 seconds.
  path: Assets/Demigiant/DemiLib/Core/Editor/Imgs/ico_lock.png
  artifactKey: Guid(e3d0592dad579e141924133869455c53) Importer(815301076,1909f56bfc062723c751e8b465ee728b)
Start importing Assets/Demigiant/DemiLib/Core/Editor/Imgs/ico_lock.png using Guid(e3d0592dad579e141924133869455c53) Importer(815301076,1909f56bfc062723c751e8b465ee728b)  -> (artifact id: '1f5f0109add8b009929c3a26b793e0f4') in 0.009704 seconds
  Import took 0.011934 seconds .

========================================================================
Received Import Request.
  Time since last request: 0.000231 seconds.
  path: Assets/Demigiant/DemiLib/Core/Editor/Imgs/ico_ok.png
  artifactKey: Guid(34f39b5a760ddbb4d8b8749852868335) Importer(815301076,1909f56bfc062723c751e8b465ee728b)
Start importing Assets/Demigiant/DemiLib/Core/Editor/Imgs/ico_ok.png using Guid(34f39b5a760ddbb4d8b8749852868335) Importer(815301076,1909f56bfc062723c751e8b465ee728b)  -> (artifact id: 'adb31742e09f3cb8dc7908b236f5361c') in 0.005342 seconds
  Import took 0.007580 seconds .

========================================================================
Received Import Request.
  Time since last request: 0.000202 seconds.
  path: Assets/Demigiant/DemiLib/Core/Editor/Imgs/squareBorderAlpha15.png
  artifactKey: Guid(dfd33662d9f6f3849bd92f6e159ca226) Importer(815301076,1909f56bfc062723c751e8b465ee728b)
Start importing Assets/Demigiant/DemiLib/Core/Editor/Imgs/squareBorderAlpha15.png using Guid(dfd33662d9f6f3849bd92f6e159ca226) Importer(815301076,1909f56bfc062723c751e8b465ee728b)  -> (artifact id: '61040c049172c469402828ebb905540e') in 0.010266 seconds
  Import took 0.012402 seconds .

========================================================================
Received Import Request.
  Time since last request: 0.000254 seconds.
  path: Assets/Demigiant/DemiLib/Core/Editor/Imgs/ico_ui.png
  artifactKey: Guid(cb46e1d925af22d43a6f8bf0e1d459e6) Importer(815301076,1909f56bfc062723c751e8b465ee728b)
Start importing Assets/Demigiant/DemiLib/Core/Editor/Imgs/ico_ui.png using Guid(cb46e1d925af22d43a6f8bf0e1d459e6) Importer(815301076,1909f56bfc062723c751e8b465ee728b)  -> (artifact id: '2be1bb32806879f04888449d83708106') in 0.006671 seconds
  Import took 0.008962 seconds .

========================================================================
Received Import Request.
  Time since last request: 0.000182 seconds.
  path: Assets/Demigiant/DemiLib/Core/Editor/Imgs/purpleSquare.png
  artifactKey: Guid(dc0ca9b32ae9fd049911671cf1a480bf) Importer(815301076,1909f56bfc062723c751e8b465ee728b)
Start importing Assets/Demigiant/DemiLib/Core/Editor/Imgs/purpleSquare.png using Guid(dc0ca9b32ae9fd049911671cf1a480bf) Importer(815301076,1909f56bfc062723c751e8b465ee728b)  -> (artifact id: 'e1430c455bbba78e99585ee4a04d7af9') in 0.004869 seconds
  Import took 0.007006 seconds .

========================================================================
Received Import Request.
  Time since last request: 0.000219 seconds.
  path: Assets/Demigiant/DemiLib/Core/Editor/Imgs/ico_skull_border.png
  artifactKey: Guid(6dfd924c0ba23844fb5d04ad1560de22) Importer(815301076,1909f56bfc062723c751e8b465ee728b)
Start importing Assets/Demigiant/DemiLib/Core/Editor/Imgs/ico_skull_border.png using Guid(6dfd924c0ba23844fb5d04ad1560de22) Importer(815301076,1909f56bfc062723c751e8b465ee728b)  -> (artifact id: 'f9e0805af69c7ccde1d6b0f0e1ff59df') in 0.005045 seconds
  Import took 0.007281 seconds .

========================================================================
Received Import Request.
  Time since last request: 0.000205 seconds.
  path: Assets/Demigiant/DemiLib/Core/Editor/Imgs/squareBorderCurved02.png
  artifactKey: Guid(ff88be84254fb1f4b9a81a27ae0b2e81) Importer(815301076,1909f56bfc062723c751e8b465ee728b)
Start importing Assets/Demigiant/DemiLib/Core/Editor/Imgs/squareBorderCurved02.png using Guid(ff88be84254fb1f4b9a81a27ae0b2e81) Importer(815301076,1909f56bfc062723c751e8b465ee728b)  -> (artifact id: '576c1c26d01c99719cb0a6ee80e9d70e') in 0.007421 seconds
  Import took 0.009653 seconds .

========================================================================
Received Import Request.
  Time since last request: 0.000216 seconds.
  path: Assets/Demigiant/DemiLib/Core/Editor/Imgs/ico_play_border.png
  artifactKey: Guid(45e128e1cf00555479ee7934ab11cadf) Importer(815301076,1909f56bfc062723c751e8b465ee728b)
Start importing Assets/Demigiant/DemiLib/Core/Editor/Imgs/ico_play_border.png using Guid(45e128e1cf00555479ee7934ab11cadf) Importer(815301076,1909f56bfc062723c751e8b465ee728b)  -> (artifact id: '8ee5bfeb412e6450651a7c4dbb0e417e') in 0.009082 seconds
  Import took 0.011205 seconds .

========================================================================
Received Import Request.
  Time since last request: 0.000196 seconds.
  path: Assets/Demigiant/DemiLib/Core/Editor/Imgs/ico_alignTR.png
  artifactKey: Guid(e01c0b07c87513844ab88bb432bcf85a) Importer(815301076,1909f56bfc062723c751e8b465ee728b)
Start importing Assets/Demigiant/DemiLib/Core/Editor/Imgs/ico_alignTR.png using Guid(e01c0b07c87513844ab88bb432bcf85a) Importer(815301076,1909f56bfc062723c751e8b465ee728b)  -> (artifact id: 'fba63031b7c9640e33065c8258253a08') in 0.005168 seconds
  Import took 0.007264 seconds .

========================================================================
Received Import Request.
  Time since last request: 0.000193 seconds.
  path: Assets/Demigiant/DemiLib/Core/Editor/Imgs/blackSquareAlpha25.png
  artifactKey: Guid(f7ff421f40d548444864a01cd7f47112) Importer(815301076,1909f56bfc062723c751e8b465ee728b)
Start importing Assets/Demigiant/DemiLib/Core/Editor/Imgs/blackSquareAlpha25.png using Guid(f7ff421f40d548444864a01cd7f47112) Importer(815301076,1909f56bfc062723c751e8b465ee728b)  -> (artifact id: 'aa59cd0723659990913162d972e46519') in 0.011635 seconds
  Import took 0.013752 seconds .

========================================================================
Received Import Request.
  Time since last request: 0.000270 seconds.
  path: Assets/Demigiant/DemiLib/Core/Editor/Imgs/ico_alignBR.png
  artifactKey: Guid(eeac3acbf7d1cd54fabfb1c4a12f9fc8) Importer(815301076,1909f56bfc062723c751e8b465ee728b)
Start importing Assets/Demigiant/DemiLib/Core/Editor/Imgs/ico_alignBR.png using Guid(eeac3acbf7d1cd54fabfb1c4a12f9fc8) Importer(815301076,1909f56bfc062723c751e8b465ee728b)  -> (artifact id: 'ca3cb7bc99db47b3c9f1861d597f5b3e') in 0.005868 seconds
  Import took 0.008210 seconds .

========================================================================
Received Import Request.
  Time since last request: 0.000202 seconds.
  path: Assets/Demigiant/DemiLib/Core/Editor/Imgs/squareBorder.png
  artifactKey: Guid(afd7d0ddb1d6c744b9cb87ae49b2ce62) Importer(815301076,1909f56bfc062723c751e8b465ee728b)
Start importing Assets/Demigiant/DemiLib/Core/Editor/Imgs/squareBorder.png using Guid(afd7d0ddb1d6c744b9cb87ae49b2ce62) Importer(815301076,1909f56bfc062723c751e8b465ee728b)  -> (artifact id: '4e119fb5f45620a384792eca3cb19019') in 0.004588 seconds
  Import took 0.006456 seconds .

========================================================================
Received Import Request.
  Time since last request: 0.000176 seconds.
  path: Assets/Demigiant/DemiLib/Core/Editor/Imgs/squareBorderCurved_darkBorders.png
  artifactKey: Guid(25da15ac84743244ab4c860cf8798ec8) Importer(815301076,1909f56bfc062723c751e8b465ee728b)
Start importing Assets/Demigiant/DemiLib/Core/Editor/Imgs/squareBorderCurved_darkBorders.png using Guid(25da15ac84743244ab4c860cf8798ec8) Importer(815301076,1909f56bfc062723c751e8b465ee728b)  -> (artifact id: '96e1bbffb322d47ddd1d8647052d8213') in 0.004294 seconds
  Import took 0.006116 seconds .

========================================================================
Received Import Request.
  Time since last request: 0.000212 seconds.
  path: Assets/Demigiant/DemiLib/Core/Editor/Imgs/ico_alignCC.png
  artifactKey: Guid(8f0cb66458819764b94b93250bae94b6) Importer(815301076,1909f56bfc062723c751e8b465ee728b)
Start importing Assets/Demigiant/DemiLib/Core/Editor/Imgs/ico_alignCC.png using Guid(8f0cb66458819764b94b93250bae94b6) Importer(815301076,1909f56bfc062723c751e8b465ee728b)  -> (artifact id: 'f40c54012a50211cc0a802801f3782be') in 0.006721 seconds
  Import took 0.009552 seconds .

========================================================================
Received Import Request.
  Time since last request: 0.000219 seconds.
  path: Assets/Demigiant/DemiLib/Core/Editor/Imgs/blackSquareAlpha10.png
  artifactKey: Guid(8c9cfa1dbe00a1d41ae9d14f5ac543ec) Importer(815301076,1909f56bfc062723c751e8b465ee728b)
Start importing Assets/Demigiant/DemiLib/Core/Editor/Imgs/blackSquareAlpha10.png using Guid(8c9cfa1dbe00a1d41ae9d14f5ac543ec) Importer(815301076,1909f56bfc062723c751e8b465ee728b)  -> (artifact id: '096ac5c5210065a1ca5870feb7d1e0f9') in 0.011400 seconds
  Import took 0.013621 seconds .

========================================================================
Received Import Request.
  Time since last request: 0.000192 seconds.
  path: Assets/Demigiant/DemiLib/Core/Editor/Imgs/ico_camera_border.png
  artifactKey: Guid(358cddede8023574191e0aae610a4645) Importer(815301076,1909f56bfc062723c751e8b465ee728b)
Start importing Assets/Demigiant/DemiLib/Core/Editor/Imgs/ico_camera_border.png using Guid(358cddede8023574191e0aae610a4645) Importer(815301076,1909f56bfc062723c751e8b465ee728b)  -> (artifact id: '13491a89fd50212ebd2fe357d7cd0961') in 0.005165 seconds
  Import took 0.007381 seconds .

========================================================================
Received Import Request.
  Time since last request: 0.000177 seconds.
  path: Assets/Demigiant/DemiLib/Core/Editor/Imgs/squareBorderCurved.png
  artifactKey: Guid(4896b5aa9d63dec498136c21ffce735b) Importer(815301076,1909f56bfc062723c751e8b465ee728b)
Start importing Assets/Demigiant/DemiLib/Core/Editor/Imgs/squareBorderCurved.png using Guid(4896b5aa9d63dec498136c21ffce735b) Importer(815301076,1909f56bfc062723c751e8b465ee728b)  -> (artifact id: '92f2b11168d4596e0522d89edac5b992') in 0.010822 seconds
  Import took 0.012851 seconds .

========================================================================
Received Import Request.
  Time since last request: 0.000236 seconds.
  path: Assets/Demigiant/DemiLib/Core/Editor/Imgs/ico_alignL.png
  artifactKey: Guid(d18ceface0c20014b8db4bba05a41b83) Importer(815301076,1909f56bfc062723c751e8b465ee728b)
Start importing Assets/Demigiant/DemiLib/Core/Editor/Imgs/ico_alignL.png using Guid(d18ceface0c20014b8db4bba05a41b83) Importer(815301076,1909f56bfc062723c751e8b465ee728b)  -> (artifact id: '60def443ede9bdfa05245184bd0da2d5') in 0.005905 seconds
  Import took 0.008596 seconds .

========================================================================
Received Import Request.
  Time since last request: 0.000288 seconds.
  path: Assets/Demigiant/DemiLib/Core/Editor/Imgs/ico_alignTC.png
  artifactKey: Guid(0f79253104349f44cb73978f6c8e93de) Importer(815301076,1909f56bfc062723c751e8b465ee728b)
Start importing Assets/Demigiant/DemiLib/Core/Editor/Imgs/ico_alignTC.png using Guid(0f79253104349f44cb73978f6c8e93de) Importer(815301076,1909f56bfc062723c751e8b465ee728b)  -> (artifact id: '1b8aad369334f8040f01baff447ab81d') in 0.006564 seconds
  Import took 0.008977 seconds .

========================================================================
Received Import Request.
  Time since last request: 0.000198 seconds.
  path: Assets/Demigiant/DemiLib/Core/Editor/Imgs/ico_lock_open.png
  artifactKey: Guid(8d60feae84bdb2d4eb16a0037056c588) Importer(815301076,1909f56bfc062723c751e8b465ee728b)
Start importing Assets/Demigiant/DemiLib/Core/Editor/Imgs/ico_lock_open.png using Guid(8d60feae84bdb2d4eb16a0037056c588) Importer(815301076,1909f56bfc062723c751e8b465ee728b)  -> (artifact id: 'a8248529942149411eac939c4c27a303') in 0.005779 seconds
  Import took 0.007988 seconds .

========================================================================
Received Import Request.
  Time since last request: 0.000274 seconds.
  path: Assets/Demigiant/DemiLib/Core/Editor/Imgs/ico_visibility_off.png
  artifactKey: Guid(0c0132429106c8a4d89d9d0a6b723ec3) Importer(815301076,1909f56bfc062723c751e8b465ee728b)
Start importing Assets/Demigiant/DemiLib/Core/Editor/Imgs/ico_visibility_off.png using Guid(0c0132429106c8a4d89d9d0a6b723ec3) Importer(815301076,1909f56bfc062723c751e8b465ee728b)  -> (artifact id: 'cdd05c9da3c4fd0345b6449bcd4cf24f') in 0.016497 seconds
  Import took 0.019131 seconds .

========================================================================
Received Import Request.
  Time since last request: 0.000208 seconds.
  path: Assets/Demigiant/DemiLib/Core/Editor/Imgs/ico_alignBL.png
  artifactKey: Guid(abf8a615f379ef44b9ac872a13b7712f) Importer(815301076,1909f56bfc062723c751e8b465ee728b)
Start importing Assets/Demigiant/DemiLib/Core/Editor/Imgs/ico_alignBL.png using Guid(abf8a615f379ef44b9ac872a13b7712f) Importer(815301076,1909f56bfc062723c751e8b465ee728b)  -> (artifact id: '3b837a5a2dc66338a8aedba0f194ecc9') in 0.005025 seconds
  Import took 0.007247 seconds .

========================================================================
Received Import Request.
  Time since last request: 0.000202 seconds.
  path: Assets/Demigiant/DemiLib/Core/Editor/Imgs/ico_demigiant.png
  artifactKey: Guid(229d0d11465a822449f78a50dbf7104d) Importer(815301076,1909f56bfc062723c751e8b465ee728b)
Start importing Assets/Demigiant/DemiLib/Core/Editor/Imgs/ico_demigiant.png using Guid(229d0d11465a822449f78a50dbf7104d) Importer(815301076,1909f56bfc062723c751e8b465ee728b)  -> (artifact id: '1d11ad38ccad36b305a98375f12f0c8a') in 0.010883 seconds
  Import took 0.013006 seconds .

========================================================================
Received Import Request.
  Time since last request: 0.000256 seconds.
  path: Assets/Demigiant/DemiLib/Core/Editor/Imgs/ico_light.png
  artifactKey: Guid(4f69b96f9308d8f4ea239773ef5b55c4) Importer(815301076,1909f56bfc062723c751e8b465ee728b)
Start importing Assets/Demigiant/DemiLib/Core/Editor/Imgs/ico_light.png using Guid(4f69b96f9308d8f4ea239773ef5b55c4) Importer(815301076,1909f56bfc062723c751e8b465ee728b)  -> (artifact id: 'fe56614a83abdbcc9621be5fa75699a9') in 0.005925 seconds
  Import took 0.008231 seconds .

========================================================================
Received Import Request.
  Time since last request: 0.000202 seconds.
  path: Assets/Demigiant/DemiLib/Core/Editor/Imgs/ico_alignTL.png
  artifactKey: Guid(6efe1c8569d975640ba0c9f2ac4a9d61) Importer(815301076,1909f56bfc062723c751e8b465ee728b)
Start importing Assets/Demigiant/DemiLib/Core/Editor/Imgs/ico_alignTL.png using Guid(6efe1c8569d975640ba0c9f2ac4a9d61) Importer(815301076,1909f56bfc062723c751e8b465ee728b)  -> (artifact id: '9f3f35df655867b0a2494d2e3512c040') in 0.004905 seconds
  Import took 0.006884 seconds .

========================================================================
Received Import Request.
  Time since last request: 0.000174 seconds.
  path: Assets/Demigiant/DemiLib/Core/Editor/Imgs/ico_comment.png
  artifactKey: Guid(622fdb780ae13e840938631c5ed708f2) Importer(815301076,1909f56bfc062723c751e8b465ee728b)
Start importing Assets/Demigiant/DemiLib/Core/Editor/Imgs/ico_comment.png using Guid(622fdb780ae13e840938631c5ed708f2) Importer(815301076,1909f56bfc062723c751e8b465ee728b)  -> (artifact id: '80ba27c8185fde4135c2db9e431af109') in 0.004506 seconds
  Import took 0.006437 seconds .

========================================================================
Received Import Request.
  Time since last request: 0.000195 seconds.
  path: Assets/Demigiant/DemiLib/Core/Editor/Imgs/ico_visibility.png
  artifactKey: Guid(55c2b426022dac44f9b25f0cba28aa45) Importer(815301076,1909f56bfc062723c751e8b465ee728b)
Start importing Assets/Demigiant/DemiLib/Core/Editor/Imgs/ico_visibility.png using Guid(55c2b426022dac44f9b25f0cba28aa45) Importer(815301076,1909f56bfc062723c751e8b465ee728b)  -> (artifact id: '796927c7de8aa869992f2cb8be47af51') in 0.006804 seconds
  Import took 0.009375 seconds .

========================================================================
Received Import Request.
  Time since last request: 0.725025 seconds.
  path: Assets/Demigiant/DemiLib/Core/Editor/Imgs/project/ico_atlas.png
  artifactKey: Guid(e2279677842a8064fbae0bc889fb85ab) Importer(815301076,1909f56bfc062723c751e8b465ee728b)
Start importing Assets/Demigiant/DemiLib/Core/Editor/Imgs/project/ico_atlas.png using Guid(e2279677842a8064fbae0bc889fb85ab) Importer(815301076,1909f56bfc062723c751e8b465ee728b)  -> (artifact id: '37d6c13d12e08dbcac2725193d2a4da5') in 0.011176 seconds
  Import took 0.013397 seconds .

========================================================================
Received Import Request.
  Time since last request: 0.000172 seconds.
  path: Assets/Demigiant/DemiLib/Core/Editor/Imgs/project/ico_folder.png
  artifactKey: Guid(4f2c4b43188596b47866d41e1dc13c8a) Importer(815301076,1909f56bfc062723c751e8b465ee728b)
Start importing Assets/Demigiant/DemiLib/Core/Editor/Imgs/project/ico_folder.png using Guid(4f2c4b43188596b47866d41e1dc13c8a) Importer(815301076,1909f56bfc062723c751e8b465ee728b)  -> (artifact id: '02426492d7125fb921669e20671248e4') in 0.005590 seconds
  Import took 0.007967 seconds .

========================================================================
Received Import Request.
  Time since last request: 0.000270 seconds.
  path: Assets/Demigiant/DemiLib/Core/Editor/Imgs/project/ico_demigiant.png
  artifactKey: Guid(f36ab42cc6fcdfd4187033279d3d14a9) Importer(815301076,1909f56bfc062723c751e8b465ee728b)
Start importing Assets/Demigiant/DemiLib/Core/Editor/Imgs/project/ico_demigiant.png using Guid(f36ab42cc6fcdfd4187033279d3d14a9) Importer(815301076,1909f56bfc062723c751e8b465ee728b)  -> (artifact id: '846472e319fb34b2762700b93605010c') in 0.016236 seconds
  Import took 0.018581 seconds .

========================================================================
Received Import Request.
  Time since last request: 0.000206 seconds.
  path: Assets/Demigiant/DemiLib/Core/Editor/Imgs/project/ico_cross.png
  artifactKey: Guid(3b67e53c8c2f8114b966c0e70d452419) Importer(815301076,1909f56bfc062723c751e8b465ee728b)
Start importing Assets/Demigiant/DemiLib/Core/Editor/Imgs/project/ico_cross.png using Guid(3b67e53c8c2f8114b966c0e70d452419) Importer(815301076,1909f56bfc062723c751e8b465ee728b)  -> (artifact id: '7551a720d57dc52e90d245efc1d1c286') in 0.014747 seconds
  Import took 0.017287 seconds .

========================================================================
Received Import Request.
  Time since last request: 0.000195 seconds.
  path: Assets/Demigiant/DemiLib/Core/Editor/Imgs/project/ico_shaders.png
  artifactKey: Guid(f252c69cd0163714eba038403f61b09e) Importer(815301076,1909f56bfc062723c751e8b465ee728b)
Start importing Assets/Demigiant/DemiLib/Core/Editor/Imgs/project/ico_shaders.png using Guid(f252c69cd0163714eba038403f61b09e) Importer(815301076,1909f56bfc062723c751e8b465ee728b)  -> (artifact id: 'cf978649faed8b6969faeb957246e7f6') in 0.008186 seconds
  Import took 0.010986 seconds .

========================================================================
Received Import Request.
  Time since last request: 0.000199 seconds.
  path: Assets/Demigiant/DemiLib/Core/Editor/Imgs/project/ico_skull.png
  artifactKey: Guid(d563d6ce25cd2ca48b185ec47a74a3fb) Importer(815301076,1909f56bfc062723c751e8b465ee728b)
Start importing Assets/Demigiant/DemiLib/Core/Editor/Imgs/project/ico_skull.png using Guid(d563d6ce25cd2ca48b185ec47a74a3fb) Importer(815301076,1909f56bfc062723c751e8b465ee728b)  -> (artifact id: 'ec57d1320a2c3d8eac2404b0da45f64b') in 0.008540 seconds
  Import took 0.012030 seconds .

========================================================================
Received Import Request.
  Time since last request: 0.000256 seconds.
  path: Assets/Demigiant/DemiLib/Core/Editor/Imgs/project/ico_fonts.png
  artifactKey: Guid(cf986943c88c2254780c17b2b5e3bc2f) Importer(815301076,1909f56bfc062723c751e8b465ee728b)
Start importing Assets/Demigiant/DemiLib/Core/Editor/Imgs/project/ico_fonts.png using Guid(cf986943c88c2254780c17b2b5e3bc2f) Importer(815301076,1909f56bfc062723c751e8b465ee728b)  -> (artifact id: '2e60c098d0feeb09a903882d2a14c663') in 0.007803 seconds
  Import took 0.010820 seconds .

========================================================================
Received Import Request.
  Time since last request: 0.000324 seconds.
  path: Assets/Demigiant/DemiLib/Core/Editor/Imgs/project/ico_heart.png
  artifactKey: Guid(20794834c0a413f408b80110d0fc73b8) Importer(815301076,1909f56bfc062723c751e8b465ee728b)
Start importing Assets/Demigiant/DemiLib/Core/Editor/Imgs/project/ico_heart.png using Guid(20794834c0a413f408b80110d0fc73b8) Importer(815301076,1909f56bfc062723c751e8b465ee728b)  -> (artifact id: 'e68921309f3553fba670bae1049accd5') in 0.008536 seconds
  Import took 0.012013 seconds .

========================================================================
Received Import Request.
  Time since last request: 0.000224 seconds.
  path: Assets/Demigiant/DemiLib/Core/Editor/Imgs/project/ico_scripts.png
  artifactKey: Guid(96cbdf605b8ddb34da384703f2d0b849) Importer(815301076,1909f56bfc062723c751e8b465ee728b)
Start importing Assets/Demigiant/DemiLib/Core/Editor/Imgs/project/ico_scripts.png using Guid(96cbdf605b8ddb34da384703f2d0b849) Importer(815301076,1909f56bfc062723c751e8b465ee728b)  -> (artifact id: 'dd4768a7f19fa038834496ec31f0c676') in 0.008631 seconds
  Import took 0.012201 seconds .

========================================================================
Received Import Request.
  Time since last request: 0.000333 seconds.
  path: Assets/Demigiant/DemiLib/Core/Editor/Imgs/project/ico_models.png
  artifactKey: Guid(09a0cde07b4d75f49b4c817932791b81) Importer(815301076,1909f56bfc062723c751e8b465ee728b)
Start importing Assets/Demigiant/DemiLib/Core/Editor/Imgs/project/ico_models.png using Guid(09a0cde07b4d75f49b4c817932791b81) Importer(815301076,1909f56bfc062723c751e8b465ee728b)  -> (artifact id: '679273b872f21e55e3e1997f238daca5') in 0.006901 seconds
  Import took 0.009873 seconds .

========================================================================
Received Import Request.
  Time since last request: 0.000410 seconds.
  path: Assets/Demigiant/DemiLib/Core/Editor/Imgs/project/ico_textures.png
  artifactKey: Guid(3e6b96a975eba1c43b2bad66fb7f8b4a) Importer(815301076,1909f56bfc062723c751e8b465ee728b)
Start importing Assets/Demigiant/DemiLib/Core/Editor/Imgs/project/ico_textures.png using Guid(3e6b96a975eba1c43b2bad66fb7f8b4a) Importer(815301076,1909f56bfc062723c751e8b465ee728b)  -> (artifact id: 'e909b30ea8750274ef4a18b05815e009') in 0.007135 seconds
  Import took 0.010552 seconds .

========================================================================
Received Import Request.
  Time since last request: 0.000243 seconds.
  path: Assets/Demigiant/DemiLib/Core/Editor/Imgs/project/ico_play.png
  artifactKey: Guid(d8306b1e159c72c4ebc9a4fc31debe60) Importer(815301076,1909f56bfc062723c751e8b465ee728b)
Start importing Assets/Demigiant/DemiLib/Core/Editor/Imgs/project/ico_play.png using Guid(d8306b1e159c72c4ebc9a4fc31debe60) Importer(815301076,1909f56bfc062723c751e8b465ee728b)  -> (artifact id: 'afc770503a6483f6a99a4105582a410e') in 0.005090 seconds
  Import took 0.008086 seconds .

========================================================================
Received Import Request.
  Time since last request: 0.000220 seconds.
  path: Assets/Demigiant/DemiLib/Core/Editor/Imgs/project/ico_star.png
  artifactKey: Guid(21820ec6fc9dd0b4fbf42a3b93fdad4e) Importer(815301076,1909f56bfc062723c751e8b465ee728b)
Start importing Assets/Demigiant/DemiLib/Core/Editor/Imgs/project/ico_star.png using Guid(21820ec6fc9dd0b4fbf42a3b93fdad4e) Importer(815301076,1909f56bfc062723c751e8b465ee728b)  -> (artifact id: '0592ba11b567df3408ebc786366cb4e1') in 0.008424 seconds
  Import took 0.010590 seconds .

========================================================================
Received Import Request.
  Time since last request: 0.000223 seconds.
  path: Assets/Demigiant/DemiLib/Core/Editor/Imgs/project/ico_bundle.png
  artifactKey: Guid(58676a985ae875646b7be748cf4499fd) Importer(815301076,1909f56bfc062723c751e8b465ee728b)
Start importing Assets/Demigiant/DemiLib/Core/Editor/Imgs/project/ico_bundle.png using Guid(58676a985ae875646b7be748cf4499fd) Importer(815301076,1909f56bfc062723c751e8b465ee728b)  -> (artifact id: 'a9f3a6aa8fa3b58883476cf37b7113ae') in 0.004756 seconds
  Import took 0.006800 seconds .

========================================================================
Received Import Request.
  Time since last request: 0.000220 seconds.
  path: Assets/Demigiant/DemiLib/Core/Editor/Imgs/project/ico_particles.png
  artifactKey: Guid(8003873ab749935489bb11f23f830856) Importer(815301076,1909f56bfc062723c751e8b465ee728b)
Start importing Assets/Demigiant/DemiLib/Core/Editor/Imgs/project/ico_particles.png using Guid(8003873ab749935489bb11f23f830856) Importer(815301076,1909f56bfc062723c751e8b465ee728b)  -> (artifact id: 'eaf04d1505bd45370f5c15ce75d17a5f') in 0.005122 seconds
  Import took 0.007162 seconds .

========================================================================
Received Import Request.
  Time since last request: 0.000181 seconds.
  path: Assets/Demigiant/DemiLib/Core/Editor/Imgs/project/ico_materials.png
  artifactKey: Guid(e02713e10d7aced44a7a651231f0adef) Importer(815301076,1909f56bfc062723c751e8b465ee728b)
Start importing Assets/Demigiant/DemiLib/Core/Editor/Imgs/project/ico_materials.png using Guid(e02713e10d7aced44a7a651231f0adef) Importer(815301076,1909f56bfc062723c751e8b465ee728b)  -> (artifact id: 'b549ab2771073046b4d324261a9b799a') in 0.004883 seconds
  Import took 0.006789 seconds .

========================================================================
Received Import Request.
  Time since last request: 0.000179 seconds.
  path: Assets/Demigiant/DemiLib/Core/Editor/Imgs/project/ico_terrains.png
  artifactKey: Guid(4a091a7609ef2d34bbdfaa1a886deb18) Importer(815301076,1909f56bfc062723c751e8b465ee728b)
Start importing Assets/Demigiant/DemiLib/Core/Editor/Imgs/project/ico_terrains.png using Guid(4a091a7609ef2d34bbdfaa1a886deb18) Importer(815301076,1909f56bfc062723c751e8b465ee728b)  -> (artifact id: '316f1dff6d1444d9bc187c7ff2ad0315') in 0.007256 seconds
  Import took 0.010321 seconds .

========================================================================
Received Import Request.
  Time since last request: 0.000337 seconds.
  path: Assets/Demigiant/DemiLib/Core/Editor/Imgs/project/ico_audio.png
  artifactKey: Guid(e1af8927fb6f5634896d59aed409a589) Importer(815301076,1909f56bfc062723c751e8b465ee728b)
Start importing Assets/Demigiant/DemiLib/Core/Editor/Imgs/project/ico_audio.png using Guid(e1af8927fb6f5634896d59aed409a589) Importer(815301076,1909f56bfc062723c751e8b465ee728b)  -> (artifact id: '8caf5d9ddf062b1e0e94a8373442494e') in 0.007201 seconds
  Import took 0.010886 seconds .

========================================================================
Received Import Request.
  Time since last request: 0.000392 seconds.
  path: Assets/Demigiant/DemiLib/Core/Editor/Imgs/project/ico_prefab.png
  artifactKey: Guid(ed3789262161efa4fa33c85ca534590e) Importer(815301076,1909f56bfc062723c751e8b465ee728b)
Start importing Assets/Demigiant/DemiLib/Core/Editor/Imgs/project/ico_prefab.png using Guid(ed3789262161efa4fa33c85ca534590e) Importer(815301076,1909f56bfc062723c751e8b465ee728b)  -> (artifact id: '1aa0bc9837a40e395364f762926d299b') in 0.005466 seconds
  Import took 0.008433 seconds .

========================================================================
Received Import Request.
  Time since last request: 0.000230 seconds.
  path: Assets/Demigiant/DemiLib/Core/Editor/Imgs/project/ico_cog.png
  artifactKey: Guid(fb605a2688b31194887f2e7a6769235b) Importer(815301076,1909f56bfc062723c751e8b465ee728b)
Start importing Assets/Demigiant/DemiLib/Core/Editor/Imgs/project/ico_cog.png using Guid(fb605a2688b31194887f2e7a6769235b) Importer(815301076,1909f56bfc062723c751e8b465ee728b)  -> (artifact id: '82c426c82980cbf385b5024e240073c3') in 0.005258 seconds
  Import took 0.008602 seconds .

========================================================================
Received Import Request.
  Time since last request: 12.358311 seconds.
  path: Assets/Demigiant/DOTweenPro/Editor/DOTweenAnimationInspector.cs
  artifactKey: Guid(e0203fd81362bab4d842d87ad09ee76e) Importer(815301076,1909f56bfc062723c751e8b465ee728b)
Start importing Assets/Demigiant/DOTweenPro/Editor/DOTweenAnimationInspector.cs using Guid(e0203fd81362bab4d842d87ad09ee76e) Importer(815301076,1909f56bfc062723c751e8b465ee728b)  -> (artifact id: '1ef2627286886f66ed81c6707a6738d3') in 0.001498 seconds
  Import took 0.003446 seconds .

========================================================================
Received Import Request.
  Time since last request: 0.004532 seconds.
  path: Assets/Demigiant/DOTweenPro/Editor/DOTweenAnimationInspector.cs
  artifactKey: Guid(e0203fd81362bab4d842d87ad09ee76e) Importer(815301076,1909f56bfc062723c751e8b465ee728b)
Start importing Assets/Demigiant/DOTweenPro/Editor/DOTweenAnimationInspector.cs using Guid(e0203fd81362bab4d842d87ad09ee76e) Importer(815301076,1909f56bfc062723c751e8b465ee728b)  -> (artifact id: '1ef2627286886f66ed81c6707a6738d3') in 0.001712 seconds
  Import took 0.004234 seconds .

========================================================================
Received Import Request.
  Time since last request: 1.625682 seconds.
  path: Assets/Demigiant/DOTweenPro/Editor/DOTweenPreviewManager.cs
  artifactKey: Guid(22292a5f27a9a644ba9e6ad1bf863531) Importer(815301076,1909f56bfc062723c751e8b465ee728b)
Start importing Assets/Demigiant/DOTweenPro/Editor/DOTweenPreviewManager.cs using Guid(22292a5f27a9a644ba9e6ad1bf863531) Importer(815301076,1909f56bfc062723c751e8b465ee728b)  -> (artifact id: '3c0f859ad275ab2b49140c43b2349908') in 0.001693 seconds
  Import took 0.004120 seconds .

========================================================================
Received Import Request.
  Time since last request: 0.004892 seconds.
  path: Assets/Demigiant/DOTweenPro/Editor/DOTweenPreviewManager.cs
  artifactKey: Guid(22292a5f27a9a644ba9e6ad1bf863531) Importer(815301076,1909f56bfc062723c751e8b465ee728b)
Start importing Assets/Demigiant/DOTweenPro/Editor/DOTweenPreviewManager.cs using Guid(22292a5f27a9a644ba9e6ad1bf863531) Importer(815301076,1909f56bfc062723c751e8b465ee728b)  -> (artifact id: '3c0f859ad275ab2b49140c43b2349908') in 0.001516 seconds
  Import took 0.003845 seconds .

========================================================================
Received Import Request.
  Time since last request: 18.427511 seconds.
  path: Assets/Plugins/Demigiant/DOTweenPro Examples/DOTweenAnimation_Advanced.unity
  artifactKey: Guid(a5f7a56d339da84449899ecf95fbe33d) Importer(815301076,1909f56bfc062723c751e8b465ee728b)
Start importing Assets/Plugins/Demigiant/DOTweenPro Examples/DOTweenAnimation_Advanced.unity using Guid(a5f7a56d339da84449899ecf95fbe33d) Importer(815301076,1909f56bfc062723c751e8b465ee728b)  -> (artifact id: '3abfd503c20ffe329fa16fa3cdbe06d7') in 0.001460 seconds
  Import took 0.003567 seconds .

========================================================================
Received Prepare
Registering precompiled user dll's ...
Registered in 0.011219 seconds.
Begin MonoManager ReloadAssembly
Native extension for OSXStandalone target not found
Refreshing native plugins compatible for Editor in 0.69 ms, found 1 plugins.
Preloading 0 native plugins for Editor in 0.00 ms.
Mono: successfully reloaded assembly
- Completed reload, in  0.970 seconds
Platform modules already initialized, skipping
Refreshing native plugins compatible for Editor in 0.78 ms, found 1 plugins.
Preloading 0 native plugins for Editor in 0.00 ms.
Unloading 1401 Unused Serialized files (Serialized files now loaded: 0)
System memory in use before: 194.5 MB.
System memory in use after: 193.9 MB.

Unloading 271 unused Assets to reduce memory usage. Loaded Objects now: 1835.
Total: 2.350143 ms (FindLiveObjects: 0.200688 ms CreateObjectMapping: 0.055154 ms MarkObjects: 1.601672 ms  DeleteObjects: 0.491069 ms)

========================================================================
Received Import Request.
  Time since last request: 147.088034 seconds.
  path: Assets/Plugins/Demigiant/DOTweenPro Examples/DOTweenAnimation_Basics.unity
  artifactKey: Guid(6a2ad353325ffe64983c28d69a8738f5) Importer(815301076,1909f56bfc062723c751e8b465ee728b)
Start importing Assets/Plugins/Demigiant/DOTweenPro Examples/DOTweenAnimation_Basics.unity using Guid(6a2ad353325ffe64983c28d69a8738f5) Importer(815301076,1909f56bfc062723c751e8b465ee728b)  -> (artifact id: 'd74daf1786054a04504ad47485c375e0') in 0.012983 seconds
  Import took 0.015265 seconds .

========================================================================
Received Import Request.
  Time since last request: 89.050474 seconds.
  path: Assets/Plugins/Demigiant/DOTweenPro Examples/DOTweenPath.unity
  artifactKey: Guid(a351b59ca54a0bc4083c35844da13a61) Importer(815301076,1909f56bfc062723c751e8b465ee728b)
Start importing Assets/Plugins/Demigiant/DOTweenPro Examples/DOTweenPath.unity using Guid(a351b59ca54a0bc4083c35844da13a61) Importer(815301076,1909f56bfc062723c751e8b465ee728b)  -> (artifact id: 'eebc2a90a691471ac6fc431f74cb9155') in 0.001529 seconds
  Import took 0.003757 seconds .

========================================================================
Received Prepare
Registering precompiled user dll's ...
Registered in 0.006279 seconds.
Begin MonoManager ReloadAssembly
Native extension for OSXStandalone target not found
Refreshing native plugins compatible for Editor in 0.68 ms, found 1 plugins.
Preloading 0 native plugins for Editor in 0.00 ms.
Mono: successfully reloaded assembly
- Completed reload, in  0.970 seconds
Platform modules already initialized, skipping
Refreshing native plugins compatible for Editor in 0.66 ms, found 1 plugins.
Preloading 0 native plugins for Editor in 0.00 ms.
Unloading 1402 Unused Serialized files (Serialized files now loaded: 0)
System memory in use before: 194.9 MB.
System memory in use after: 194.3 MB.

Unloading 268 unused Assets to reduce memory usage. Loaded Objects now: 1837.
Total: 2.142324 ms (FindLiveObjects: 0.203305 ms CreateObjectMapping: 0.068021 ms MarkObjects: 1.392204 ms  DeleteObjects: 0.477501 ms)

